#
# There is insufficient memory for the Java Runtime Environment to continue.
# Native memory allocation (malloc) failed to allocate 151616 bytes. Error detail: Chunk::new
# Possible reasons:
#   The system is out of physical RAM or swap space
#   This process is running with CompressedOops enabled, and the Java Heap may be blocking the growth of the native heap
# Possible solutions:
#   Reduce memory load on the system
#   Increase physical memory or swap space
#   Check if swap backing store is full
#   Decrease Java heap size (-Xmx/-Xms)
#   Decrease number of Java threads
#   Decrease Java thread stack sizes (-Xss)
#   Set larger code cache with -XX:ReservedCodeCacheSize=
#   JVM is running with Unscaled Compressed Oops mode in which the Java heap is
#     placed in the first 4GB address space. The Java Heap base address is the
#     maximum limit for the native heap growth. Please use -XX:HeapBaseMinAddress
#     to set the Java Heap base and to place the Java Heap above 4GB virtual address.
# This output file may be truncated or incomplete.
#
#  Out of Memory Error (arena.cpp:168), pid=6708, tid=9520
#
# JRE version: OpenJDK Runtime Environment JBR-21.0.6+9-895.109-jcef (21.0.6+9) (build 21.0.6+9-b895.109)
# Java VM: OpenJDK 64-Bit Server VM JBR-21.0.6+9-895.109-jcef (21.0.6+9-b895.109, mixed mode, sharing, tiered, compressed oops, compressed class ptrs, g1 gc, windows-amd64)
# No core dump will be written. Minidumps are not enabled by default on client versions of Windows
#

---------------  S U M M A R Y ------------

Command Line: -DsslDeferredCaLoading=true -Djna.boot.library.path=C:\Users\PC\AppData\Local\Programs\PyCharm Professional 2024.3.3/lib/jna/amd64 -Djna.nosys=true -Djna.noclasspath=true -Djava.rmi.server.hostname=127.0.0.1 -Duser.timezone=UTC -Xmx2048m -Xms256m -Djdbc.classpath=C:\Users\PC\AppData\Local\Temp\RemoteDriver1.classpath.txt --add-exports=java.desktop/sun.awt=ALL-UNNAMED --add-exports=java.desktop/java.awt.peer=ALL-UNNAMED --add-opens=java.desktop/java.awt=ALL-UNNAMED --add-opens=jdk.unsupported/sun.misc=ALL-UNNAMED --add-opens=java.base/java.nio=ALL-UNNAMED --add-opens=java.base/java.util=ALL-UNNAMED -Dfile.encoding=UTF-8 -Dsun.stdout.encoding=UTF-8 -Dsun.stderr.encoding=UTF-8 com.intellij.database.remote.RemoteJdbcServer org.postgresql.Driver

Host: 11th Gen Intel(R) Core(TM) i7-11800H @ 2.30GHz, 16 cores, 15G,  Windows 11 , 64 bit Build 26100 (10.0.26100.3912)
Time: Sun May 18 09:39:56 2025 Egypt Daylight Time elapsed time: 3092.554898 seconds (0d 0h 51m 32s)

---------------  T H R E A D  ---------------

Current thread (0x000001f78d0e5530):  JavaThread "C2 CompilerThread0" daemon [_thread_in_native, id=9520, stack(0x0000000ee3500000,0x0000000ee3600000) (1024K)]


Current CompileTask:
C2:3092555 3473       4       java.io.ObjectInputStream$BlockDataInputStream::readShort (73 bytes)

Stack: [0x0000000ee3500000,0x0000000ee3600000]
Native frames: (J=compiled Java code, j=interpreted, Vv=VM code, C=native code)
V  [jvm.dll+0x6e5cb9]
V  [jvm.dll+0x8c4113]
V  [jvm.dll+0x8c666e]
V  [jvm.dll+0x8c6d53]
V  [jvm.dll+0x288f76]
V  [jvm.dll+0xc66dd]
V  [jvm.dll+0xc6c13]
V  [jvm.dll+0x2feb80]
V  [jvm.dll+0x60c839]
V  [jvm.dll+0x2598d2]
V  [jvm.dll+0x251d94]
V  [jvm.dll+0x24fc8e]
V  [jvm.dll+0x1cd6c4]
V  [jvm.dll+0x25f60c]
V  [jvm.dll+0x25db56]
V  [jvm.dll+0x3ff796]
V  [jvm.dll+0x86bc68]
V  [jvm.dll+0x6e44bd]
C  [ucrtbase.dll+0x37b0]
C  [KERNEL32.DLL+0x2e8d7]
C  [ntdll.dll+0x9c5dc]


---------------  P R O C E S S  ---------------

Threads class SMR info:
_java_thread_list=0x000001f78dcf2bf0, length=20, elements={
0x000001f732f60120, 0x000001f78d0c3430, 0x000001f78d0c3e80, 0x000001f74bfc7250,
0x000001f74bfc7ca0, 0x000001f74bfc9410, 0x000001f74bfcdba0, 0x000001f78d0e5530,
0x000001f74bfe4480, 0x000001f78d23d770, 0x000001f78d240810, 0x000001f78d616b20,
0x000001f78d93aa30, 0x000001f78d93b8a0, 0x000001f78d93bf00, 0x000001f78da95760,
0x000001f78da51800, 0x000001f78da53230, 0x000001f78da52510, 0x000001f78da53f50
}

Java Threads: ( => current thread )
  0x000001f732f60120 JavaThread "main"                              [_thread_blocked, id=19412, stack(0x0000000ee2700000,0x0000000ee2800000) (1024K)]
  0x000001f78d0c3430 JavaThread "Reference Handler"          daemon [_thread_blocked, id=8276, stack(0x0000000ee2f00000,0x0000000ee3000000) (1024K)]
  0x000001f78d0c3e80 JavaThread "Finalizer"                  daemon [_thread_blocked, id=16364, stack(0x0000000ee3000000,0x0000000ee3100000) (1024K)]
  0x000001f74bfc7250 JavaThread "Signal Dispatcher"          daemon [_thread_blocked, id=5264, stack(0x0000000ee3100000,0x0000000ee3200000) (1024K)]
  0x000001f74bfc7ca0 JavaThread "Attach Listener"            daemon [_thread_blocked, id=10288, stack(0x0000000ee3200000,0x0000000ee3300000) (1024K)]
  0x000001f74bfc9410 JavaThread "Service Thread"             daemon [_thread_blocked, id=2000, stack(0x0000000ee3300000,0x0000000ee3400000) (1024K)]
  0x000001f74bfcdba0 JavaThread "Monitor Deflation Thread"   daemon [_thread_blocked, id=18476, stack(0x0000000ee3400000,0x0000000ee3500000) (1024K)]
=>0x000001f78d0e5530 JavaThread "C2 CompilerThread0"         daemon [_thread_in_native, id=9520, stack(0x0000000ee3500000,0x0000000ee3600000) (1024K)]
  0x000001f74bfe4480 JavaThread "C1 CompilerThread0"         daemon [_thread_blocked, id=2608, stack(0x0000000ee3600000,0x0000000ee3700000) (1024K)]
  0x000001f78d23d770 JavaThread "Common-Cleaner"             daemon [_thread_blocked, id=15464, stack(0x0000000ee3800000,0x0000000ee3900000) (1024K)]
  0x000001f78d240810 JavaThread "Notification Thread"        daemon [_thread_blocked, id=9132, stack(0x0000000ee3900000,0x0000000ee3a00000) (1024K)]
  0x000001f78d616b20 JavaThread "RMI TCP Accept-47680"       daemon [_thread_in_native, id=240, stack(0x0000000ee3d00000,0x0000000ee3e00000) (1024K)]
  0x000001f78d93aa30 JavaThread "RMI TCP Accept-0"           daemon [_thread_in_native, id=13216, stack(0x0000000ee3e00000,0x0000000ee3f00000) (1024K)]
  0x000001f78d93b8a0 JavaThread "RMI Reaper"                        [_thread_blocked, id=2512, stack(0x0000000ee3f00000,0x0000000ee4000000) (1024K)]
  0x000001f78d93bf00 JavaThread "RMI GC Daemon"              daemon [_thread_blocked, id=5340, stack(0x0000000ee4000000,0x0000000ee4100000) (1024K)]
  0x000001f78da95760 JavaThread "RMI TCP Connection(1)-127.0.0.1" daemon [_thread_in_native, id=436, stack(0x0000000ee4100000,0x0000000ee4200000) (1024K)]
  0x000001f78da51800 JavaThread "RMI Scheduler(0)"           daemon [_thread_blocked, id=9972, stack(0x0000000ee4300000,0x0000000ee4400000) (1024K)]
  0x000001f78da53230 JavaThread "RMI TCP Connection(4)-127.0.0.1" daemon [_thread_in_native, id=16708, stack(0x0000000ee4500000,0x0000000ee4600000) (1024K)]
  0x000001f78da52510 JavaThread "JNA Cleaner"                daemon [_thread_blocked, id=17636, stack(0x0000000ee5200000,0x0000000ee5300000) (1024K)]
  0x000001f78da53f50 JavaThread "RMI RenewClean-[127.0.0.1:53168]" daemon [_thread_blocked, id=19032, stack(0x0000000ee5400000,0x0000000ee5500000) (1024K)]
Total: 20

Other Threads:
  0x000001f74bfa8a00 VMThread "VM Thread"                           [id=3952, stack(0x0000000ee2e00000,0x0000000ee2f00000) (1024K)]
  0x000001f78d0811f0 WatcherThread "VM Periodic Task Thread"        [id=13976, stack(0x0000000ee2d00000,0x0000000ee2e00000) (1024K)]
  0x000001f732fbd080 WorkerThread "GC Thread#0"                     [id=15384, stack(0x0000000ee2800000,0x0000000ee2900000) (1024K)]
  0x000001f78db305c0 WorkerThread "GC Thread#1"                     [id=2072, stack(0x0000000ee4600000,0x0000000ee4700000) (1024K)]
  0x000001f78db39ea0 WorkerThread "GC Thread#2"                     [id=17576, stack(0x0000000ee4700000,0x0000000ee4800000) (1024K)]
  0x000001f78db3a240 WorkerThread "GC Thread#3"                     [id=5272, stack(0x0000000ee4800000,0x0000000ee4900000) (1024K)]
  0x000001f78db48820 WorkerThread "GC Thread#4"                     [id=16340, stack(0x0000000ee4900000,0x0000000ee4a00000) (1024K)]
  0x000001f78db493d0 WorkerThread "GC Thread#5"                     [id=5892, stack(0x0000000ee4a00000,0x0000000ee4b00000) (1024K)]
  0x000001f78dac79d0 WorkerThread "GC Thread#6"                     [id=10172, stack(0x0000000ee4b00000,0x0000000ee4c00000) (1024K)]
  0x000001f78dac7d70 WorkerThread "GC Thread#7"                     [id=8820, stack(0x0000000ee4c00000,0x0000000ee4d00000) (1024K)]
  0x000001f78dac8d30 WorkerThread "GC Thread#8"                     [id=9688, stack(0x0000000ee4d00000,0x0000000ee4e00000) (1024K)]
  0x000001f78dac9860 WorkerThread "GC Thread#9"                     [id=17988, stack(0x0000000ee4e00000,0x0000000ee4f00000) (1024K)]
  0x000001f78dac9fa0 WorkerThread "GC Thread#10"                    [id=6192, stack(0x0000000ee4f00000,0x0000000ee5000000) (1024K)]
  0x000001f78dac9c00 WorkerThread "GC Thread#11"                    [id=9660, stack(0x0000000ee5000000,0x0000000ee5100000) (1024K)]
  0x000001f78daca340 WorkerThread "GC Thread#12"                    [id=7388, stack(0x0000000ee5100000,0x0000000ee5200000) (1024K)]
  0x000001f732fcedf0 ConcurrentGCThread "G1 Main Marker"            [id=10004, stack(0x0000000ee2900000,0x0000000ee2a00000) (1024K)]
  0x000001f732fcffa0 WorkerThread "G1 Conc#0"                       [id=3892, stack(0x0000000ee2a00000,0x0000000ee2b00000) (1024K)]
  0x000001f74beecd80 ConcurrentGCThread "G1 Refine#0"               [id=6596, stack(0x0000000ee2b00000,0x0000000ee2c00000) (1024K)]
  0x000001f74beee6b0 ConcurrentGCThread "G1 Service"                [id=7908, stack(0x0000000ee2c00000,0x0000000ee2d00000) (1024K)]
Total: 19

Threads with active compile tasks:
C2 CompilerThread0  3092578 3473       4       java.io.ObjectInputStream$BlockDataInputStream::readShort (73 bytes)
Total: 1

VM state: not at safepoint (normal execution)

VM Mutex/Monitor currently owned by a thread: None

Heap address: 0x0000000080000000, size: 2048 MB, Compressed Oops mode: 32-bit

CDS archive(s) mapped at: [0x000001f74c000000-0x000001f74cd00000-0x000001f74cd00000), size 13631488, SharedBaseAddress: 0x000001f74c000000, ArchiveRelocationMode: 1.
Compressed class space mapped at: 0x000001f74d000000-0x000001f78d000000, reserved size: 1073741824
Narrow klass base: 0x000001f74c000000, Narrow klass shift: 0, Narrow klass range: 0x100000000

GC Precious Log:
 CardTable entry size: 512
 Card Set container configuration: InlinePtr #cards 5 size 8 Array Of Cards #cards 12 size 40 Howl #buckets 4 coarsen threshold 1843 Howl Bitmap #cards 512 size 80 coarsen threshold 460 Card regions per heap region 1 cards per card region 2048
 CPUs: 16 total, 16 available
 Memory: 16021M
 Large Page Support: Disabled
 NUMA Support: Disabled
 Compressed Oops: Enabled (32-bit)
 Heap Region Size: 1M
 Heap Min Capacity: 256M
 Heap Initial Capacity: 256M
 Heap Max Capacity: 2G
 Pre-touch: Disabled
 Parallel Workers: 13
 Concurrent Workers: 3
 Concurrent Refinement Workers: 13
 Periodic GC: Disabled

Heap:
 garbage-first heap   total 262144K, used 35058K [0x0000000080000000, 0x0000000100000000)
  region size 1024K, 24 young (24576K), 4 survivors (4096K)
 Metaspace       used 18716K, committed 19200K, reserved 1114112K
  class space    used 2069K, committed 2304K, reserved 1048576K

Heap Regions: E=young(eden), S=young(survivor), O=old, HS=humongous(starts), HC=humongous(continues), CS=collection set, F=free, TAMS=top-at-mark-start, PB=parsable bottom
|   0|0x0000000080000000, 0x0000000080100000, 0x0000000080100000|100%|HS|  |TAMS 0x0000000080000000| PB 0x0000000080000000| Complete 
|   1|0x0000000080100000, 0x0000000080200000, 0x0000000080200000|100%|HC|  |TAMS 0x0000000080100000| PB 0x0000000080100000| Complete 
|   2|0x0000000080200000, 0x0000000080300000, 0x0000000080300000|100%|HS|  |TAMS 0x0000000080200000| PB 0x0000000080200000| Complete 
|   3|0x0000000080300000, 0x0000000080400000, 0x0000000080400000|100%|HS|  |TAMS 0x0000000080300000| PB 0x0000000080300000| Complete 
|   4|0x0000000080400000, 0x0000000080500000, 0x0000000080500000|100%| O|  |TAMS 0x0000000080400000| PB 0x0000000080400000| Untracked 
|   5|0x0000000080500000, 0x0000000080600000, 0x0000000080600000|100%| O|  |TAMS 0x0000000080500000| PB 0x0000000080500000| Untracked 
|   6|0x0000000080600000, 0x0000000080700000, 0x0000000080700000|100%| O|  |TAMS 0x0000000080600000| PB 0x0000000080600000| Untracked 
|   7|0x0000000080700000, 0x0000000080800000, 0x0000000080800000|100%| O|  |TAMS 0x0000000080700000| PB 0x0000000080700000| Untracked 
|   8|0x0000000080800000, 0x0000000080900000, 0x0000000080900000|100%| O|  |TAMS 0x0000000080800000| PB 0x0000000080800000| Untracked 
|   9|0x0000000080900000, 0x0000000080a00000, 0x0000000080a00000|100%| O|  |TAMS 0x0000000080900000| PB 0x0000000080900000| Untracked 
|  10|0x0000000080a00000, 0x0000000080b00000, 0x0000000080b00000|100%| O|  |TAMS 0x0000000080a00000| PB 0x0000000080a00000| Untracked 
|  11|0x0000000080b00000, 0x0000000080b3cba0, 0x0000000080c00000| 23%| O|  |TAMS 0x0000000080b00000| PB 0x0000000080b00000| Untracked 
|  12|0x0000000080c00000, 0x0000000080c00000, 0x0000000080d00000|  0%| F|  |TAMS 0x0000000080c00000| PB 0x0000000080c00000| Untracked 
|  13|0x0000000080d00000, 0x0000000080d00000, 0x0000000080e00000|  0%| F|  |TAMS 0x0000000080d00000| PB 0x0000000080d00000| Untracked 
|  14|0x0000000080e00000, 0x0000000080e00000, 0x0000000080f00000|  0%| F|  |TAMS 0x0000000080e00000| PB 0x0000000080e00000| Untracked 
|  15|0x0000000080f00000, 0x0000000080f00000, 0x0000000081000000|  0%| F|  |TAMS 0x0000000080f00000| PB 0x0000000080f00000| Untracked 
|  16|0x0000000081000000, 0x0000000081000000, 0x0000000081100000|  0%| F|  |TAMS 0x0000000081000000| PB 0x0000000081000000| Untracked 
|  17|0x0000000081100000, 0x0000000081100000, 0x0000000081200000|  0%| F|  |TAMS 0x0000000081100000| PB 0x0000000081100000| Untracked 
|  18|0x0000000081200000, 0x0000000081200000, 0x0000000081300000|  0%| F|  |TAMS 0x0000000081200000| PB 0x0000000081200000| Untracked 
|  19|0x0000000081300000, 0x0000000081300000, 0x0000000081400000|  0%| F|  |TAMS 0x0000000081300000| PB 0x0000000081300000| Untracked 
|  20|0x0000000081400000, 0x0000000081400000, 0x0000000081500000|  0%| F|  |TAMS 0x0000000081400000| PB 0x0000000081400000| Untracked 
|  21|0x0000000081500000, 0x0000000081500000, 0x0000000081600000|  0%| F|  |TAMS 0x0000000081500000| PB 0x0000000081500000| Untracked 
|  22|0x0000000081600000, 0x0000000081600000, 0x0000000081700000|  0%| F|  |TAMS 0x0000000081600000| PB 0x0000000081600000| Untracked 
|  23|0x0000000081700000, 0x0000000081700000, 0x0000000081800000|  0%| F|  |TAMS 0x0000000081700000| PB 0x0000000081700000| Untracked 
|  24|0x0000000081800000, 0x0000000081800000, 0x0000000081900000|  0%| F|  |TAMS 0x0000000081800000| PB 0x0000000081800000| Untracked 
|  25|0x0000000081900000, 0x0000000081900000, 0x0000000081a00000|  0%| F|  |TAMS 0x0000000081900000| PB 0x0000000081900000| Untracked 
|  26|0x0000000081a00000, 0x0000000081a00000, 0x0000000081b00000|  0%| F|  |TAMS 0x0000000081a00000| PB 0x0000000081a00000| Untracked 
|  27|0x0000000081b00000, 0x0000000081b00000, 0x0000000081c00000|  0%| F|  |TAMS 0x0000000081b00000| PB 0x0000000081b00000| Untracked 
|  28|0x0000000081c00000, 0x0000000081c00000, 0x0000000081d00000|  0%| F|  |TAMS 0x0000000081c00000| PB 0x0000000081c00000| Untracked 
|  29|0x0000000081d00000, 0x0000000081d00000, 0x0000000081e00000|  0%| F|  |TAMS 0x0000000081d00000| PB 0x0000000081d00000| Untracked 
|  30|0x0000000081e00000, 0x0000000081e00000, 0x0000000081f00000|  0%| F|  |TAMS 0x0000000081e00000| PB 0x0000000081e00000| Untracked 
|  31|0x0000000081f00000, 0x0000000081f00000, 0x0000000082000000|  0%| F|  |TAMS 0x0000000081f00000| PB 0x0000000081f00000| Untracked 
|  32|0x0000000082000000, 0x0000000082000000, 0x0000000082100000|  0%| F|  |TAMS 0x0000000082000000| PB 0x0000000082000000| Untracked 
|  33|0x0000000082100000, 0x0000000082100000, 0x0000000082200000|  0%| F|  |TAMS 0x0000000082100000| PB 0x0000000082100000| Untracked 
|  34|0x0000000082200000, 0x0000000082200000, 0x0000000082300000|  0%| F|  |TAMS 0x0000000082200000| PB 0x0000000082200000| Untracked 
|  35|0x0000000082300000, 0x0000000082300000, 0x0000000082400000|  0%| F|  |TAMS 0x0000000082300000| PB 0x0000000082300000| Untracked 
|  36|0x0000000082400000, 0x0000000082400000, 0x0000000082500000|  0%| F|  |TAMS 0x0000000082400000| PB 0x0000000082400000| Untracked 
|  37|0x0000000082500000, 0x0000000082500000, 0x0000000082600000|  0%| F|  |TAMS 0x0000000082500000| PB 0x0000000082500000| Untracked 
|  38|0x0000000082600000, 0x0000000082600000, 0x0000000082700000|  0%| F|  |TAMS 0x0000000082600000| PB 0x0000000082600000| Untracked 
|  39|0x0000000082700000, 0x0000000082700000, 0x0000000082800000|  0%| F|  |TAMS 0x0000000082700000| PB 0x0000000082700000| Untracked 
|  40|0x0000000082800000, 0x0000000082800000, 0x0000000082900000|  0%| F|  |TAMS 0x0000000082800000| PB 0x0000000082800000| Untracked 
|  41|0x0000000082900000, 0x0000000082900000, 0x0000000082a00000|  0%| F|  |TAMS 0x0000000082900000| PB 0x0000000082900000| Untracked 
|  42|0x0000000082a00000, 0x0000000082a00000, 0x0000000082b00000|  0%| F|  |TAMS 0x0000000082a00000| PB 0x0000000082a00000| Untracked 
|  43|0x0000000082b00000, 0x0000000082b00000, 0x0000000082c00000|  0%| F|  |TAMS 0x0000000082b00000| PB 0x0000000082b00000| Untracked 
|  44|0x0000000082c00000, 0x0000000082c00000, 0x0000000082d00000|  0%| F|  |TAMS 0x0000000082c00000| PB 0x0000000082c00000| Untracked 
|  45|0x0000000082d00000, 0x0000000082d00000, 0x0000000082e00000|  0%| F|  |TAMS 0x0000000082d00000| PB 0x0000000082d00000| Untracked 
|  46|0x0000000082e00000, 0x0000000082e00000, 0x0000000082f00000|  0%| F|  |TAMS 0x0000000082e00000| PB 0x0000000082e00000| Untracked 
|  47|0x0000000082f00000, 0x0000000082f00000, 0x0000000083000000|  0%| F|  |TAMS 0x0000000082f00000| PB 0x0000000082f00000| Untracked 
|  48|0x0000000083000000, 0x0000000083000000, 0x0000000083100000|  0%| F|  |TAMS 0x0000000083000000| PB 0x0000000083000000| Untracked 
|  49|0x0000000083100000, 0x0000000083100000, 0x0000000083200000|  0%| F|  |TAMS 0x0000000083100000| PB 0x0000000083100000| Untracked 
|  50|0x0000000083200000, 0x0000000083200000, 0x0000000083300000|  0%| F|  |TAMS 0x0000000083200000| PB 0x0000000083200000| Untracked 
|  51|0x0000000083300000, 0x0000000083300000, 0x0000000083400000|  0%| F|  |TAMS 0x0000000083300000| PB 0x0000000083300000| Untracked 
|  52|0x0000000083400000, 0x0000000083400000, 0x0000000083500000|  0%| F|  |TAMS 0x0000000083400000| PB 0x0000000083400000| Untracked 
|  53|0x0000000083500000, 0x0000000083500000, 0x0000000083600000|  0%| F|  |TAMS 0x0000000083500000| PB 0x0000000083500000| Untracked 
|  54|0x0000000083600000, 0x0000000083600000, 0x0000000083700000|  0%| F|  |TAMS 0x0000000083600000| PB 0x0000000083600000| Untracked 
|  55|0x0000000083700000, 0x0000000083700000, 0x0000000083800000|  0%| F|  |TAMS 0x0000000083700000| PB 0x0000000083700000| Untracked 
|  56|0x0000000083800000, 0x0000000083800000, 0x0000000083900000|  0%| F|  |TAMS 0x0000000083800000| PB 0x0000000083800000| Untracked 
|  57|0x0000000083900000, 0x0000000083900000, 0x0000000083a00000|  0%| F|  |TAMS 0x0000000083900000| PB 0x0000000083900000| Untracked 
|  58|0x0000000083a00000, 0x0000000083a00000, 0x0000000083b00000|  0%| F|  |TAMS 0x0000000083a00000| PB 0x0000000083a00000| Untracked 
|  59|0x0000000083b00000, 0x0000000083b00000, 0x0000000083c00000|  0%| F|  |TAMS 0x0000000083b00000| PB 0x0000000083b00000| Untracked 
|  60|0x0000000083c00000, 0x0000000083c00000, 0x0000000083d00000|  0%| F|  |TAMS 0x0000000083c00000| PB 0x0000000083c00000| Untracked 
|  61|0x0000000083d00000, 0x0000000083d00000, 0x0000000083e00000|  0%| F|  |TAMS 0x0000000083d00000| PB 0x0000000083d00000| Untracked 
|  62|0x0000000083e00000, 0x0000000083e00000, 0x0000000083f00000|  0%| F|  |TAMS 0x0000000083e00000| PB 0x0000000083e00000| Untracked 
|  63|0x0000000083f00000, 0x0000000083f00000, 0x0000000084000000|  0%| F|  |TAMS 0x0000000083f00000| PB 0x0000000083f00000| Untracked 
|  64|0x0000000084000000, 0x0000000084000000, 0x0000000084100000|  0%| F|  |TAMS 0x0000000084000000| PB 0x0000000084000000| Untracked 
|  65|0x0000000084100000, 0x0000000084100000, 0x0000000084200000|  0%| F|  |TAMS 0x0000000084100000| PB 0x0000000084100000| Untracked 
|  66|0x0000000084200000, 0x0000000084200000, 0x0000000084300000|  0%| F|  |TAMS 0x0000000084200000| PB 0x0000000084200000| Untracked 
|  67|0x0000000084300000, 0x0000000084300000, 0x0000000084400000|  0%| F|  |TAMS 0x0000000084300000| PB 0x0000000084300000| Untracked 
|  68|0x0000000084400000, 0x0000000084400000, 0x0000000084500000|  0%| F|  |TAMS 0x0000000084400000| PB 0x0000000084400000| Untracked 
|  69|0x0000000084500000, 0x0000000084500000, 0x0000000084600000|  0%| F|  |TAMS 0x0000000084500000| PB 0x0000000084500000| Untracked 
|  70|0x0000000084600000, 0x0000000084600000, 0x0000000084700000|  0%| F|  |TAMS 0x0000000084600000| PB 0x0000000084600000| Untracked 
|  71|0x0000000084700000, 0x0000000084700000, 0x0000000084800000|  0%| F|  |TAMS 0x0000000084700000| PB 0x0000000084700000| Untracked 
|  72|0x0000000084800000, 0x0000000084800000, 0x0000000084900000|  0%| F|  |TAMS 0x0000000084800000| PB 0x0000000084800000| Untracked 
|  73|0x0000000084900000, 0x0000000084900000, 0x0000000084a00000|  0%| F|  |TAMS 0x0000000084900000| PB 0x0000000084900000| Untracked 
|  74|0x0000000084a00000, 0x0000000084a00000, 0x0000000084b00000|  0%| F|  |TAMS 0x0000000084a00000| PB 0x0000000084a00000| Untracked 
|  75|0x0000000084b00000, 0x0000000084b00000, 0x0000000084c00000|  0%| F|  |TAMS 0x0000000084b00000| PB 0x0000000084b00000| Untracked 
|  76|0x0000000084c00000, 0x0000000084c00000, 0x0000000084d00000|  0%| F|  |TAMS 0x0000000084c00000| PB 0x0000000084c00000| Untracked 
|  77|0x0000000084d00000, 0x0000000084d00000, 0x0000000084e00000|  0%| F|  |TAMS 0x0000000084d00000| PB 0x0000000084d00000| Untracked 
|  78|0x0000000084e00000, 0x0000000084e00000, 0x0000000084f00000|  0%| F|  |TAMS 0x0000000084e00000| PB 0x0000000084e00000| Untracked 
|  79|0x0000000084f00000, 0x0000000084f00000, 0x0000000085000000|  0%| F|  |TAMS 0x0000000084f00000| PB 0x0000000084f00000| Untracked 
|  80|0x0000000085000000, 0x0000000085000000, 0x0000000085100000|  0%| F|  |TAMS 0x0000000085000000| PB 0x0000000085000000| Untracked 
|  81|0x0000000085100000, 0x0000000085100000, 0x0000000085200000|  0%| F|  |TAMS 0x0000000085100000| PB 0x0000000085100000| Untracked 
|  82|0x0000000085200000, 0x0000000085200000, 0x0000000085300000|  0%| F|  |TAMS 0x0000000085200000| PB 0x0000000085200000| Untracked 
|  83|0x0000000085300000, 0x0000000085300000, 0x0000000085400000|  0%| F|  |TAMS 0x0000000085300000| PB 0x0000000085300000| Untracked 
|  84|0x0000000085400000, 0x0000000085400000, 0x0000000085500000|  0%| F|  |TAMS 0x0000000085400000| PB 0x0000000085400000| Untracked 
|  85|0x0000000085500000, 0x0000000085500000, 0x0000000085600000|  0%| F|  |TAMS 0x0000000085500000| PB 0x0000000085500000| Untracked 
|  86|0x0000000085600000, 0x0000000085600000, 0x0000000085700000|  0%| F|  |TAMS 0x0000000085600000| PB 0x0000000085600000| Untracked 
|  87|0x0000000085700000, 0x0000000085700000, 0x0000000085800000|  0%| F|  |TAMS 0x0000000085700000| PB 0x0000000085700000| Untracked 
|  88|0x0000000085800000, 0x0000000085800000, 0x0000000085900000|  0%| F|  |TAMS 0x0000000085800000| PB 0x0000000085800000| Untracked 
|  89|0x0000000085900000, 0x0000000085900000, 0x0000000085a00000|  0%| F|  |TAMS 0x0000000085900000| PB 0x0000000085900000| Untracked 
|  90|0x0000000085a00000, 0x0000000085a00000, 0x0000000085b00000|  0%| F|  |TAMS 0x0000000085a00000| PB 0x0000000085a00000| Untracked 
|  91|0x0000000085b00000, 0x0000000085b00000, 0x0000000085c00000|  0%| F|  |TAMS 0x0000000085b00000| PB 0x0000000085b00000| Untracked 
|  92|0x0000000085c00000, 0x0000000085c00000, 0x0000000085d00000|  0%| F|  |TAMS 0x0000000085c00000| PB 0x0000000085c00000| Untracked 
|  93|0x0000000085d00000, 0x0000000085d00000, 0x0000000085e00000|  0%| F|  |TAMS 0x0000000085d00000| PB 0x0000000085d00000| Untracked 
|  94|0x0000000085e00000, 0x0000000085e00000, 0x0000000085f00000|  0%| F|  |TAMS 0x0000000085e00000| PB 0x0000000085e00000| Untracked 
|  95|0x0000000085f00000, 0x0000000085f00000, 0x0000000086000000|  0%| F|  |TAMS 0x0000000085f00000| PB 0x0000000085f00000| Untracked 
|  96|0x0000000086000000, 0x0000000086000000, 0x0000000086100000|  0%| F|  |TAMS 0x0000000086000000| PB 0x0000000086000000| Untracked 
|  97|0x0000000086100000, 0x0000000086100000, 0x0000000086200000|  0%| F|  |TAMS 0x0000000086100000| PB 0x0000000086100000| Untracked 
|  98|0x0000000086200000, 0x0000000086200000, 0x0000000086300000|  0%| F|  |TAMS 0x0000000086200000| PB 0x0000000086200000| Untracked 
|  99|0x0000000086300000, 0x0000000086300000, 0x0000000086400000|  0%| F|  |TAMS 0x0000000086300000| PB 0x0000000086300000| Untracked 
| 100|0x0000000086400000, 0x0000000086400000, 0x0000000086500000|  0%| F|  |TAMS 0x0000000086400000| PB 0x0000000086400000| Untracked 
| 101|0x0000000086500000, 0x0000000086500000, 0x0000000086600000|  0%| F|  |TAMS 0x0000000086500000| PB 0x0000000086500000| Untracked 
| 102|0x0000000086600000, 0x0000000086600000, 0x0000000086700000|  0%| F|  |TAMS 0x0000000086600000| PB 0x0000000086600000| Untracked 
| 103|0x0000000086700000, 0x0000000086700000, 0x0000000086800000|  0%| F|  |TAMS 0x0000000086700000| PB 0x0000000086700000| Untracked 
| 104|0x0000000086800000, 0x0000000086800000, 0x0000000086900000|  0%| F|  |TAMS 0x0000000086800000| PB 0x0000000086800000| Untracked 
| 105|0x0000000086900000, 0x0000000086900000, 0x0000000086a00000|  0%| F|  |TAMS 0x0000000086900000| PB 0x0000000086900000| Untracked 
| 106|0x0000000086a00000, 0x0000000086a00000, 0x0000000086b00000|  0%| F|  |TAMS 0x0000000086a00000| PB 0x0000000086a00000| Untracked 
| 107|0x0000000086b00000, 0x0000000086b00000, 0x0000000086c00000|  0%| F|  |TAMS 0x0000000086b00000| PB 0x0000000086b00000| Untracked 
| 108|0x0000000086c00000, 0x0000000086c00000, 0x0000000086d00000|  0%| F|  |TAMS 0x0000000086c00000| PB 0x0000000086c00000| Untracked 
| 109|0x0000000086d00000, 0x0000000086d00000, 0x0000000086e00000|  0%| F|  |TAMS 0x0000000086d00000| PB 0x0000000086d00000| Untracked 
| 110|0x0000000086e00000, 0x0000000086e00000, 0x0000000086f00000|  0%| F|  |TAMS 0x0000000086e00000| PB 0x0000000086e00000| Untracked 
| 111|0x0000000086f00000, 0x0000000086f00000, 0x0000000087000000|  0%| F|  |TAMS 0x0000000086f00000| PB 0x0000000086f00000| Untracked 
| 112|0x0000000087000000, 0x0000000087000000, 0x0000000087100000|  0%| F|  |TAMS 0x0000000087000000| PB 0x0000000087000000| Untracked 
| 113|0x0000000087100000, 0x0000000087100000, 0x0000000087200000|  0%| F|  |TAMS 0x0000000087100000| PB 0x0000000087100000| Untracked 
| 114|0x0000000087200000, 0x0000000087200000, 0x0000000087300000|  0%| F|  |TAMS 0x0000000087200000| PB 0x0000000087200000| Untracked 
| 115|0x0000000087300000, 0x0000000087300000, 0x0000000087400000|  0%| F|  |TAMS 0x0000000087300000| PB 0x0000000087300000| Untracked 
| 116|0x0000000087400000, 0x0000000087400000, 0x0000000087500000|  0%| F|  |TAMS 0x0000000087400000| PB 0x0000000087400000| Untracked 
| 117|0x0000000087500000, 0x0000000087500000, 0x0000000087600000|  0%| F|  |TAMS 0x0000000087500000| PB 0x0000000087500000| Untracked 
| 118|0x0000000087600000, 0x0000000087600000, 0x0000000087700000|  0%| F|  |TAMS 0x0000000087600000| PB 0x0000000087600000| Untracked 
| 119|0x0000000087700000, 0x0000000087700000, 0x0000000087800000|  0%| F|  |TAMS 0x0000000087700000| PB 0x0000000087700000| Untracked 
| 120|0x0000000087800000, 0x0000000087800000, 0x0000000087900000|  0%| F|  |TAMS 0x0000000087800000| PB 0x0000000087800000| Untracked 
| 121|0x0000000087900000, 0x0000000087900000, 0x0000000087a00000|  0%| F|  |TAMS 0x0000000087900000| PB 0x0000000087900000| Untracked 
| 122|0x0000000087a00000, 0x0000000087a00000, 0x0000000087b00000|  0%| F|  |TAMS 0x0000000087a00000| PB 0x0000000087a00000| Untracked 
| 123|0x0000000087b00000, 0x0000000087b00000, 0x0000000087c00000|  0%| F|  |TAMS 0x0000000087b00000| PB 0x0000000087b00000| Untracked 
| 124|0x0000000087c00000, 0x0000000087c00000, 0x0000000087d00000|  0%| F|  |TAMS 0x0000000087c00000| PB 0x0000000087c00000| Untracked 
| 125|0x0000000087d00000, 0x0000000087d00000, 0x0000000087e00000|  0%| F|  |TAMS 0x0000000087d00000| PB 0x0000000087d00000| Untracked 
| 126|0x0000000087e00000, 0x0000000087e00000, 0x0000000087f00000|  0%| F|  |TAMS 0x0000000087e00000| PB 0x0000000087e00000| Untracked 
| 127|0x0000000087f00000, 0x0000000087f00000, 0x0000000088000000|  0%| F|  |TAMS 0x0000000087f00000| PB 0x0000000087f00000| Untracked 
| 128|0x0000000088000000, 0x0000000088000000, 0x0000000088100000|  0%| F|  |TAMS 0x0000000088000000| PB 0x0000000088000000| Untracked 
| 129|0x0000000088100000, 0x0000000088100000, 0x0000000088200000|  0%| F|  |TAMS 0x0000000088100000| PB 0x0000000088100000| Untracked 
| 130|0x0000000088200000, 0x0000000088200000, 0x0000000088300000|  0%| F|  |TAMS 0x0000000088200000| PB 0x0000000088200000| Untracked 
| 131|0x0000000088300000, 0x0000000088300000, 0x0000000088400000|  0%| F|  |TAMS 0x0000000088300000| PB 0x0000000088300000| Untracked 
| 132|0x0000000088400000, 0x0000000088400000, 0x0000000088500000|  0%| F|  |TAMS 0x0000000088400000| PB 0x0000000088400000| Untracked 
| 133|0x0000000088500000, 0x0000000088500000, 0x0000000088600000|  0%| F|  |TAMS 0x0000000088500000| PB 0x0000000088500000| Untracked 
| 134|0x0000000088600000, 0x0000000088600000, 0x0000000088700000|  0%| F|  |TAMS 0x0000000088600000| PB 0x0000000088600000| Untracked 
| 135|0x0000000088700000, 0x0000000088700000, 0x0000000088800000|  0%| F|  |TAMS 0x0000000088700000| PB 0x0000000088700000| Untracked 
| 136|0x0000000088800000, 0x0000000088800000, 0x0000000088900000|  0%| F|  |TAMS 0x0000000088800000| PB 0x0000000088800000| Untracked 
| 137|0x0000000088900000, 0x0000000088900000, 0x0000000088a00000|  0%| F|  |TAMS 0x0000000088900000| PB 0x0000000088900000| Untracked 
| 138|0x0000000088a00000, 0x0000000088a00000, 0x0000000088b00000|  0%| F|  |TAMS 0x0000000088a00000| PB 0x0000000088a00000| Untracked 
| 139|0x0000000088b00000, 0x0000000088b00000, 0x0000000088c00000|  0%| F|  |TAMS 0x0000000088b00000| PB 0x0000000088b00000| Untracked 
| 140|0x0000000088c00000, 0x0000000088c00000, 0x0000000088d00000|  0%| F|  |TAMS 0x0000000088c00000| PB 0x0000000088c00000| Untracked 
| 141|0x0000000088d00000, 0x0000000088d00000, 0x0000000088e00000|  0%| F|  |TAMS 0x0000000088d00000| PB 0x0000000088d00000| Untracked 
| 142|0x0000000088e00000, 0x0000000088e00000, 0x0000000088f00000|  0%| F|  |TAMS 0x0000000088e00000| PB 0x0000000088e00000| Untracked 
| 143|0x0000000088f00000, 0x0000000088f00000, 0x0000000089000000|  0%| F|  |TAMS 0x0000000088f00000| PB 0x0000000088f00000| Untracked 
| 144|0x0000000089000000, 0x0000000089000000, 0x0000000089100000|  0%| F|  |TAMS 0x0000000089000000| PB 0x0000000089000000| Untracked 
| 145|0x0000000089100000, 0x0000000089100000, 0x0000000089200000|  0%| F|  |TAMS 0x0000000089100000| PB 0x0000000089100000| Untracked 
| 146|0x0000000089200000, 0x0000000089200000, 0x0000000089300000|  0%| F|  |TAMS 0x0000000089200000| PB 0x0000000089200000| Untracked 
| 147|0x0000000089300000, 0x0000000089300000, 0x0000000089400000|  0%| F|  |TAMS 0x0000000089300000| PB 0x0000000089300000| Untracked 
| 148|0x0000000089400000, 0x0000000089400000, 0x0000000089500000|  0%| F|  |TAMS 0x0000000089400000| PB 0x0000000089400000| Untracked 
| 149|0x0000000089500000, 0x0000000089500000, 0x0000000089600000|  0%| F|  |TAMS 0x0000000089500000| PB 0x0000000089500000| Untracked 
| 150|0x0000000089600000, 0x0000000089600000, 0x0000000089700000|  0%| F|  |TAMS 0x0000000089600000| PB 0x0000000089600000| Untracked 
| 151|0x0000000089700000, 0x0000000089700000, 0x0000000089800000|  0%| F|  |TAMS 0x0000000089700000| PB 0x0000000089700000| Untracked 
| 152|0x0000000089800000, 0x0000000089800000, 0x0000000089900000|  0%| F|  |TAMS 0x0000000089800000| PB 0x0000000089800000| Untracked 
| 153|0x0000000089900000, 0x0000000089900000, 0x0000000089a00000|  0%| F|  |TAMS 0x0000000089900000| PB 0x0000000089900000| Untracked 
| 154|0x0000000089a00000, 0x0000000089a00000, 0x0000000089b00000|  0%| F|  |TAMS 0x0000000089a00000| PB 0x0000000089a00000| Untracked 
| 155|0x0000000089b00000, 0x0000000089b00000, 0x0000000089c00000|  0%| F|  |TAMS 0x0000000089b00000| PB 0x0000000089b00000| Untracked 
| 156|0x0000000089c00000, 0x0000000089c00000, 0x0000000089d00000|  0%| F|  |TAMS 0x0000000089c00000| PB 0x0000000089c00000| Untracked 
| 157|0x0000000089d00000, 0x0000000089d00000, 0x0000000089e00000|  0%| F|  |TAMS 0x0000000089d00000| PB 0x0000000089d00000| Untracked 
| 158|0x0000000089e00000, 0x0000000089e00000, 0x0000000089f00000|  0%| F|  |TAMS 0x0000000089e00000| PB 0x0000000089e00000| Untracked 
| 159|0x0000000089f00000, 0x0000000089f00000, 0x000000008a000000|  0%| F|  |TAMS 0x0000000089f00000| PB 0x0000000089f00000| Untracked 
| 160|0x000000008a000000, 0x000000008a000000, 0x000000008a100000|  0%| F|  |TAMS 0x000000008a000000| PB 0x000000008a000000| Untracked 
| 161|0x000000008a100000, 0x000000008a100000, 0x000000008a200000|  0%| F|  |TAMS 0x000000008a100000| PB 0x000000008a100000| Untracked 
| 162|0x000000008a200000, 0x000000008a200000, 0x000000008a300000|  0%| F|  |TAMS 0x000000008a200000| PB 0x000000008a200000| Untracked 
| 163|0x000000008a300000, 0x000000008a300000, 0x000000008a400000|  0%| F|  |TAMS 0x000000008a300000| PB 0x000000008a300000| Untracked 
| 164|0x000000008a400000, 0x000000008a400000, 0x000000008a500000|  0%| F|  |TAMS 0x000000008a400000| PB 0x000000008a400000| Untracked 
| 165|0x000000008a500000, 0x000000008a500000, 0x000000008a600000|  0%| F|  |TAMS 0x000000008a500000| PB 0x000000008a500000| Untracked 
| 166|0x000000008a600000, 0x000000008a600000, 0x000000008a700000|  0%| F|  |TAMS 0x000000008a600000| PB 0x000000008a600000| Untracked 
| 167|0x000000008a700000, 0x000000008a700000, 0x000000008a800000|  0%| F|  |TAMS 0x000000008a700000| PB 0x000000008a700000| Untracked 
| 168|0x000000008a800000, 0x000000008a800000, 0x000000008a900000|  0%| F|  |TAMS 0x000000008a800000| PB 0x000000008a800000| Untracked 
| 169|0x000000008a900000, 0x000000008a900000, 0x000000008aa00000|  0%| F|  |TAMS 0x000000008a900000| PB 0x000000008a900000| Untracked 
| 170|0x000000008aa00000, 0x000000008aa00000, 0x000000008ab00000|  0%| F|  |TAMS 0x000000008aa00000| PB 0x000000008aa00000| Untracked 
| 171|0x000000008ab00000, 0x000000008ab00000, 0x000000008ac00000|  0%| F|  |TAMS 0x000000008ab00000| PB 0x000000008ab00000| Untracked 
| 172|0x000000008ac00000, 0x000000008ac00000, 0x000000008ad00000|  0%| F|  |TAMS 0x000000008ac00000| PB 0x000000008ac00000| Untracked 
| 173|0x000000008ad00000, 0x000000008ad00000, 0x000000008ae00000|  0%| F|  |TAMS 0x000000008ad00000| PB 0x000000008ad00000| Untracked 
| 174|0x000000008ae00000, 0x000000008ae00000, 0x000000008af00000|  0%| F|  |TAMS 0x000000008ae00000| PB 0x000000008ae00000| Untracked 
| 175|0x000000008af00000, 0x000000008af00000, 0x000000008b000000|  0%| F|  |TAMS 0x000000008af00000| PB 0x000000008af00000| Untracked 
| 176|0x000000008b000000, 0x000000008b000000, 0x000000008b100000|  0%| F|  |TAMS 0x000000008b000000| PB 0x000000008b000000| Untracked 
| 177|0x000000008b100000, 0x000000008b100000, 0x000000008b200000|  0%| F|  |TAMS 0x000000008b100000| PB 0x000000008b100000| Untracked 
| 178|0x000000008b200000, 0x000000008b200000, 0x000000008b300000|  0%| F|  |TAMS 0x000000008b200000| PB 0x000000008b200000| Untracked 
| 179|0x000000008b300000, 0x000000008b300000, 0x000000008b400000|  0%| F|  |TAMS 0x000000008b300000| PB 0x000000008b300000| Untracked 
| 180|0x000000008b400000, 0x000000008b400000, 0x000000008b500000|  0%| F|  |TAMS 0x000000008b400000| PB 0x000000008b400000| Untracked 
| 181|0x000000008b500000, 0x000000008b500000, 0x000000008b600000|  0%| F|  |TAMS 0x000000008b500000| PB 0x000000008b500000| Untracked 
| 182|0x000000008b600000, 0x000000008b600000, 0x000000008b700000|  0%| F|  |TAMS 0x000000008b600000| PB 0x000000008b600000| Untracked 
| 183|0x000000008b700000, 0x000000008b700000, 0x000000008b800000|  0%| F|  |TAMS 0x000000008b700000| PB 0x000000008b700000| Untracked 
| 184|0x000000008b800000, 0x000000008b800000, 0x000000008b900000|  0%| F|  |TAMS 0x000000008b800000| PB 0x000000008b800000| Untracked 
| 185|0x000000008b900000, 0x000000008b900000, 0x000000008ba00000|  0%| F|  |TAMS 0x000000008b900000| PB 0x000000008b900000| Untracked 
| 186|0x000000008ba00000, 0x000000008ba00000, 0x000000008bb00000|  0%| F|  |TAMS 0x000000008ba00000| PB 0x000000008ba00000| Untracked 
| 187|0x000000008bb00000, 0x000000008bb00000, 0x000000008bc00000|  0%| F|  |TAMS 0x000000008bb00000| PB 0x000000008bb00000| Untracked 
| 188|0x000000008bc00000, 0x000000008bc00000, 0x000000008bd00000|  0%| F|  |TAMS 0x000000008bc00000| PB 0x000000008bc00000| Untracked 
| 189|0x000000008bd00000, 0x000000008bd00000, 0x000000008be00000|  0%| F|  |TAMS 0x000000008bd00000| PB 0x000000008bd00000| Untracked 
| 190|0x000000008be00000, 0x000000008be00000, 0x000000008bf00000|  0%| F|  |TAMS 0x000000008be00000| PB 0x000000008be00000| Untracked 
| 191|0x000000008bf00000, 0x000000008bf00000, 0x000000008c000000|  0%| F|  |TAMS 0x000000008bf00000| PB 0x000000008bf00000| Untracked 
| 192|0x000000008c000000, 0x000000008c000000, 0x000000008c100000|  0%| F|  |TAMS 0x000000008c000000| PB 0x000000008c000000| Untracked 
| 193|0x000000008c100000, 0x000000008c100000, 0x000000008c200000|  0%| F|  |TAMS 0x000000008c100000| PB 0x000000008c100000| Untracked 
| 194|0x000000008c200000, 0x000000008c200000, 0x000000008c300000|  0%| F|  |TAMS 0x000000008c200000| PB 0x000000008c200000| Untracked 
| 195|0x000000008c300000, 0x000000008c300000, 0x000000008c400000|  0%| F|  |TAMS 0x000000008c300000| PB 0x000000008c300000| Untracked 
| 196|0x000000008c400000, 0x000000008c400000, 0x000000008c500000|  0%| F|  |TAMS 0x000000008c400000| PB 0x000000008c400000| Untracked 
| 197|0x000000008c500000, 0x000000008c500000, 0x000000008c600000|  0%| F|  |TAMS 0x000000008c500000| PB 0x000000008c500000| Untracked 
| 198|0x000000008c600000, 0x000000008c600000, 0x000000008c700000|  0%| F|  |TAMS 0x000000008c600000| PB 0x000000008c600000| Untracked 
| 199|0x000000008c700000, 0x000000008c700000, 0x000000008c800000|  0%| F|  |TAMS 0x000000008c700000| PB 0x000000008c700000| Untracked 
| 200|0x000000008c800000, 0x000000008c800000, 0x000000008c900000|  0%| F|  |TAMS 0x000000008c800000| PB 0x000000008c800000| Untracked 
| 201|0x000000008c900000, 0x000000008c900000, 0x000000008ca00000|  0%| F|  |TAMS 0x000000008c900000| PB 0x000000008c900000| Untracked 
| 202|0x000000008ca00000, 0x000000008ca00000, 0x000000008cb00000|  0%| F|  |TAMS 0x000000008ca00000| PB 0x000000008ca00000| Untracked 
| 203|0x000000008cb00000, 0x000000008cb00000, 0x000000008cc00000|  0%| F|  |TAMS 0x000000008cb00000| PB 0x000000008cb00000| Untracked 
| 204|0x000000008cc00000, 0x000000008cc00000, 0x000000008cd00000|  0%| F|  |TAMS 0x000000008cc00000| PB 0x000000008cc00000| Untracked 
| 205|0x000000008cd00000, 0x000000008cd00000, 0x000000008ce00000|  0%| F|  |TAMS 0x000000008cd00000| PB 0x000000008cd00000| Untracked 
| 206|0x000000008ce00000, 0x000000008ce00000, 0x000000008cf00000|  0%| F|  |TAMS 0x000000008ce00000| PB 0x000000008ce00000| Untracked 
| 207|0x000000008cf00000, 0x000000008cf00000, 0x000000008d000000|  0%| F|  |TAMS 0x000000008cf00000| PB 0x000000008cf00000| Untracked 
| 208|0x000000008d000000, 0x000000008d000000, 0x000000008d100000|  0%| F|  |TAMS 0x000000008d000000| PB 0x000000008d000000| Untracked 
| 209|0x000000008d100000, 0x000000008d100000, 0x000000008d200000|  0%| F|  |TAMS 0x000000008d100000| PB 0x000000008d100000| Untracked 
| 210|0x000000008d200000, 0x000000008d200000, 0x000000008d300000|  0%| F|  |TAMS 0x000000008d200000| PB 0x000000008d200000| Untracked 
| 211|0x000000008d300000, 0x000000008d300000, 0x000000008d400000|  0%| F|  |TAMS 0x000000008d300000| PB 0x000000008d300000| Untracked 
| 212|0x000000008d400000, 0x000000008d400000, 0x000000008d500000|  0%| F|  |TAMS 0x000000008d400000| PB 0x000000008d400000| Untracked 
| 213|0x000000008d500000, 0x000000008d500000, 0x000000008d600000|  0%| F|  |TAMS 0x000000008d500000| PB 0x000000008d500000| Untracked 
| 214|0x000000008d600000, 0x000000008d600000, 0x000000008d700000|  0%| F|  |TAMS 0x000000008d600000| PB 0x000000008d600000| Untracked 
| 215|0x000000008d700000, 0x000000008d700000, 0x000000008d800000|  0%| F|  |TAMS 0x000000008d700000| PB 0x000000008d700000| Untracked 
| 216|0x000000008d800000, 0x000000008d800000, 0x000000008d900000|  0%| F|  |TAMS 0x000000008d800000| PB 0x000000008d800000| Untracked 
| 217|0x000000008d900000, 0x000000008d900000, 0x000000008da00000|  0%| F|  |TAMS 0x000000008d900000| PB 0x000000008d900000| Untracked 
| 218|0x000000008da00000, 0x000000008da00000, 0x000000008db00000|  0%| F|  |TAMS 0x000000008da00000| PB 0x000000008da00000| Untracked 
| 219|0x000000008db00000, 0x000000008db00000, 0x000000008dc00000|  0%| F|  |TAMS 0x000000008db00000| PB 0x000000008db00000| Untracked 
| 220|0x000000008dc00000, 0x000000008dc00000, 0x000000008dd00000|  0%| F|  |TAMS 0x000000008dc00000| PB 0x000000008dc00000| Untracked 
| 221|0x000000008dd00000, 0x000000008dd00000, 0x000000008de00000|  0%| F|  |TAMS 0x000000008dd00000| PB 0x000000008dd00000| Untracked 
| 222|0x000000008de00000, 0x000000008de00000, 0x000000008df00000|  0%| F|  |TAMS 0x000000008de00000| PB 0x000000008de00000| Untracked 
| 223|0x000000008df00000, 0x000000008e000000, 0x000000008e000000|100%| S|CS|TAMS 0x000000008df00000| PB 0x000000008df00000| Complete 
| 224|0x000000008e000000, 0x000000008e100000, 0x000000008e100000|100%| S|CS|TAMS 0x000000008e000000| PB 0x000000008e000000| Complete 
| 225|0x000000008e100000, 0x000000008e200000, 0x000000008e200000|100%| S|CS|TAMS 0x000000008e100000| PB 0x000000008e100000| Complete 
| 226|0x000000008e200000, 0x000000008e300000, 0x000000008e300000|100%| S|CS|TAMS 0x000000008e200000| PB 0x000000008e200000| Complete 
| 227|0x000000008e300000, 0x000000008e300000, 0x000000008e400000|  0%| F|  |TAMS 0x000000008e300000| PB 0x000000008e300000| Untracked 
| 228|0x000000008e400000, 0x000000008e400000, 0x000000008e500000|  0%| F|  |TAMS 0x000000008e400000| PB 0x000000008e400000| Untracked 
| 229|0x000000008e500000, 0x000000008e500000, 0x000000008e600000|  0%| F|  |TAMS 0x000000008e500000| PB 0x000000008e500000| Untracked 
| 230|0x000000008e600000, 0x000000008e600000, 0x000000008e700000|  0%| F|  |TAMS 0x000000008e600000| PB 0x000000008e600000| Untracked 
| 231|0x000000008e700000, 0x000000008e700000, 0x000000008e800000|  0%| F|  |TAMS 0x000000008e700000| PB 0x000000008e700000| Untracked 
| 232|0x000000008e800000, 0x000000008e800000, 0x000000008e900000|  0%| F|  |TAMS 0x000000008e800000| PB 0x000000008e800000| Untracked 
| 233|0x000000008e900000, 0x000000008e900000, 0x000000008ea00000|  0%| F|  |TAMS 0x000000008e900000| PB 0x000000008e900000| Untracked 
| 234|0x000000008ea00000, 0x000000008ea00000, 0x000000008eb00000|  0%| F|  |TAMS 0x000000008ea00000| PB 0x000000008ea00000| Untracked 
| 235|0x000000008eb00000, 0x000000008eb00000, 0x000000008ec00000|  0%| F|  |TAMS 0x000000008eb00000| PB 0x000000008eb00000| Untracked 
| 236|0x000000008ec00000, 0x000000008ec9ef80, 0x000000008ed00000| 62%| E|  |TAMS 0x000000008ec00000| PB 0x000000008ec00000| Complete 
| 237|0x000000008ed00000, 0x000000008ee00000, 0x000000008ee00000|100%| E|CS|TAMS 0x000000008ed00000| PB 0x000000008ed00000| Complete 
| 238|0x000000008ee00000, 0x000000008ef00000, 0x000000008ef00000|100%| E|CS|TAMS 0x000000008ee00000| PB 0x000000008ee00000| Complete 
| 239|0x000000008ef00000, 0x000000008f000000, 0x000000008f000000|100%| E|CS|TAMS 0x000000008ef00000| PB 0x000000008ef00000| Complete 
| 240|0x000000008f000000, 0x000000008f100000, 0x000000008f100000|100%| E|CS|TAMS 0x000000008f000000| PB 0x000000008f000000| Complete 
| 241|0x000000008f100000, 0x000000008f200000, 0x000000008f200000|100%| E|CS|TAMS 0x000000008f100000| PB 0x000000008f100000| Complete 
| 242|0x000000008f200000, 0x000000008f300000, 0x000000008f300000|100%| E|CS|TAMS 0x000000008f200000| PB 0x000000008f200000| Complete 
| 243|0x000000008f300000, 0x000000008f400000, 0x000000008f400000|100%| E|CS|TAMS 0x000000008f300000| PB 0x000000008f300000| Complete 
| 244|0x000000008f400000, 0x000000008f500000, 0x000000008f500000|100%| E|CS|TAMS 0x000000008f400000| PB 0x000000008f400000| Complete 
| 245|0x000000008f500000, 0x000000008f600000, 0x000000008f600000|100%| E|CS|TAMS 0x000000008f500000| PB 0x000000008f500000| Complete 
| 246|0x000000008f600000, 0x000000008f700000, 0x000000008f700000|100%| E|CS|TAMS 0x000000008f600000| PB 0x000000008f600000| Complete 
| 247|0x000000008f700000, 0x000000008f800000, 0x000000008f800000|100%| E|CS|TAMS 0x000000008f700000| PB 0x000000008f700000| Complete 
| 248|0x000000008f800000, 0x000000008f900000, 0x000000008f900000|100%| E|CS|TAMS 0x000000008f800000| PB 0x000000008f800000| Complete 
| 249|0x000000008f900000, 0x000000008fa00000, 0x000000008fa00000|100%| E|CS|TAMS 0x000000008f900000| PB 0x000000008f900000| Complete 
| 250|0x000000008fa00000, 0x000000008fb00000, 0x000000008fb00000|100%| E|CS|TAMS 0x000000008fa00000| PB 0x000000008fa00000| Complete 
| 251|0x000000008fb00000, 0x000000008fc00000, 0x000000008fc00000|100%| E|CS|TAMS 0x000000008fb00000| PB 0x000000008fb00000| Complete 
| 252|0x000000008fc00000, 0x000000008fd00000, 0x000000008fd00000|100%| E|CS|TAMS 0x000000008fc00000| PB 0x000000008fc00000| Complete 
| 253|0x000000008fd00000, 0x000000008fe00000, 0x000000008fe00000|100%| E|CS|TAMS 0x000000008fd00000| PB 0x000000008fd00000| Complete 
| 254|0x000000008fe00000, 0x000000008ff00000, 0x000000008ff00000|100%| E|CS|TAMS 0x000000008fe00000| PB 0x000000008fe00000| Complete 
| 255|0x000000008ff00000, 0x0000000090000000, 0x0000000090000000|100%| E|CS|TAMS 0x000000008ff00000| PB 0x000000008ff00000| Complete 

Card table byte_map: [0x000001f746c20000,0x000001f747020000] _byte_map_base: 0x000001f746820000

Marking Bits: (CMBitMap*) 0x000001f732fbd690
 Bits: [0x000001f747020000, 0x000001f749020000)

Polling page: 0x000001f730d50000

Metaspace:

Usage:
  Non-class:     16.26 MB used.
      Class:      2.02 MB used.
       Both:     18.28 MB used.

Virtual space:
  Non-class space:       64.00 MB reserved,      16.50 MB ( 26%) committed,  1 nodes.
      Class space:        1.00 GB reserved,       2.25 MB ( <1%) committed,  1 nodes.
             Both:        1.06 GB reserved,      18.75 MB (  2%) committed. 

Chunk freelists:
   Non-Class:  14.91 MB
       Class:  13.78 MB
        Both:  28.69 MB

MaxMetaspaceSize: unlimited
CompressedClassSpaceSize: 1.00 GB
Initial GC threshold: 21.00 MB
Current GC threshold: 21.00 MB
CDS: on
 - commit_granule_bytes: 65536.
 - commit_granule_words: 8192.
 - virtual_space_node_default_size: 8388608.
 - enlarge_chunks_in_place: 1.
 - use_allocation_guard: 0.


Internal statistics:

num_allocs_failed_limit: 0.
num_arena_births: 592.
num_arena_deaths: 0.
num_vsnodes_births: 2.
num_vsnodes_deaths: 0.
num_space_committed: 300.
num_space_uncommitted: 0.
num_chunks_returned_to_freelist: 0.
num_chunks_taken_from_freelist: 1066.
num_chunk_merges: 0.
num_chunk_splits: 655.
num_chunks_enlarged: 321.
num_inconsistent_stats: 0.

CodeHeap 'non-profiled nmethods': size=119168Kb used=1524Kb max_used=1524Kb free=117643Kb
 bounds [0x000001f73eb30000, 0x000001f73eda0000, 0x000001f745f90000]
CodeHeap 'profiled nmethods': size=119104Kb used=7323Kb max_used=7323Kb free=111780Kb
 bounds [0x000001f736f90000, 0x000001f7376c0000, 0x000001f73e3e0000]
CodeHeap 'non-nmethods': size=7488Kb used=1708Kb max_used=3416Kb free=5779Kb
 bounds [0x000001f73e3e0000, 0x000001f73e750000, 0x000001f73eb30000]
 total_blobs=4070 nmethods=3472 adapters=502
 compilation: enabled
              stopped_count=0, restarted_count=0
 full_count=0

Compilation events (20 events):
Event: 2765.804 Thread 0x000001f78d0e5530 nmethod 3463 0x000001f73eca9b10 code [0x000001f73eca9cc0, 0x000001f73eca9eb0]
Event: 2765.804 Thread 0x000001f78d0e5530 3464       4       java.io.ClassCache::get (56 bytes)
Event: 2765.810 Thread 0x000001f78d0e5530 nmethod 3464 0x000001f73ecaa110 code [0x000001f73ecaa320, 0x000001f73ecaa888]
Event: 2820.242 Thread 0x000001f78d0e5530 3465       4       java.util.Arrays::rangeCheck (74 bytes)
Event: 2820.244 Thread 0x000001f78d0e5530 nmethod 3465 0x000001f73ecaad90 code [0x000001f73ecaaf20, 0x000001f73ecaafe8]
Event: 2865.267 Thread 0x000001f78d0e5530 3466       4       java.io.ObjectInputStream$BlockDataInputStream::readLong (76 bytes)
Event: 2865.274 Thread 0x000001f78d0e5530 nmethod 3466 0x000001f73ecab090 code [0x000001f73ecab260, 0x000001f73ecab580]
Event: 2865.274 Thread 0x000001f78d0e5530 3467       4       java.io.ObjectInputStream::readLong (8 bytes)
Event: 2865.278 Thread 0x000001f78d0e5530 nmethod 3467 0x000001f73ecab990 code [0x000001f73ecabb60, 0x000001f73ecabeb8]
Event: 2910.311 Thread 0x000001f78d0e5530 3468       4       java.lang.invoke.LambdaForm$MH/0x000001f74d03b000::invoke (25 bytes)
Event: 2910.314 Thread 0x000001f78d0e5530 nmethod 3468 0x000001f73ecac310 code [0x000001f73ecac4c0, 0x000001f73ecac5f0]
Event: 2973.384 Thread 0x000001f74bfe4480 3469       3       java.util.concurrent.ScheduledThreadPoolExecutor$DelayedWorkQueue::siftUp (64 bytes)
Event: 2973.388 Thread 0x000001f74bfe4480 nmethod 3469 0x000001f7376b5390 code [0x000001f7376b55e0, 0x000001f7376b6268]
Event: 3000.414 Thread 0x000001f78d0e5530 3470       4       java.io.ObjectOutputStream$BlockDataOutputStream::writeUTF (46 bytes)
Event: 3000.420 Thread 0x000001f78d0e5530 nmethod 3470 0x000001f73ecac710 code [0x000001f73ecac8c0, 0x000001f73ecacaf8]
Event: 3045.468 Thread 0x000001f78d0e5530 3471       4       java.lang.invoke.DirectMethodHandle$Holder::invokeSpecial (15 bytes)
Event: 3045.469 Thread 0x000001f74bfe4480 3472       3       java.util.concurrent.ScheduledThreadPoolExecutor$ScheduledFutureTask::cancel (38 bytes)
Event: 3045.472 Thread 0x000001f78d0e5530 nmethod 3471 0x000001f73ecace10 code [0x000001f73ecacfa0, 0x000001f73ecad088]
Event: 3045.472 Thread 0x000001f74bfe4480 nmethod 3472 0x000001f7376b6610 code [0x000001f7376b6800, 0x000001f7376b6c00]
Event: 3090.513 Thread 0x000001f78d0e5530 3473       4       java.io.ObjectInputStream$BlockDataInputStream::readShort (73 bytes)

GC Heap History (4 events):
Event: 1.075 GC heap before
{Heap before GC invocations=0 (full 0):
 garbage-first heap   total 262144K, used 26624K [0x0000000080000000, 0x0000000100000000)
  region size 1024K, 23 young (23552K), 0 survivors (0K)
 Metaspace       used 7293K, committed 7680K, reserved 1114112K
  class space    used 891K, committed 1024K, reserved 1048576K
}
Event: 1.083 GC heap after
{Heap after GC invocations=1 (full 0):
 garbage-first heap   total 262144K, used 10873K [0x0000000080000000, 0x0000000100000000)
  region size 1024K, 3 young (3072K), 3 survivors (3072K)
 Metaspace       used 7293K, committed 7680K, reserved 1114112K
  class space    used 891K, committed 1024K, reserved 1048576K
}
Event: 5.847 GC heap before
{Heap before GC invocations=1 (full 0):
 garbage-first heap   total 262144K, used 36473K [0x0000000080000000, 0x0000000100000000)
  region size 1024K, 29 young (29696K), 3 survivors (3072K)
 Metaspace       used 17446K, committed 17920K, reserved 1114112K
  class space    used 2015K, committed 2240K, reserved 1048576K
}
Event: 5.858 GC heap after
{Heap after GC invocations=2 (full 0):
 garbage-first heap   total 262144K, used 15602K [0x0000000080000000, 0x0000000100000000)
  region size 1024K, 4 young (4096K), 4 survivors (4096K)
 Metaspace       used 17446K, committed 17920K, reserved 1114112K
  class space    used 2015K, committed 2240K, reserved 1048576K
}

Dll operation events (2 events):
Event: 0.010 Loaded shared library C:\Users\PC\AppData\Local\Programs\PyCharm Professional 2024.3.3\jbr\bin\java.dll
Event: 0.047 Loaded shared library C:\Users\PC\AppData\Local\Programs\PyCharm Professional 2024.3.3\jbr\bin\zip.dll

Deoptimization events (20 events):
Event: 30.300 Thread 0x000001f78da53230 DEOPT PACKING pc=0x000001f73ebce8fc sp=0x0000000ee45fe2d0
Event: 30.300 Thread 0x000001f78da53230 DEOPT UNPACKING pc=0x000001f73e437da2 sp=0x0000000ee45fe258 mode 2
Event: 30.503 Thread 0x000001f78da53230 Uncommon trap: trap_request=0xffffffde fr.pc=0x000001f73ebeb364 relative=0x0000000000000304
Event: 30.503 Thread 0x000001f78da53230 Uncommon trap: reason=class_check action=maybe_recompile pc=0x000001f73ebeb364 method=java.util.regex.Pattern$BmpCharPropertyGreedy.match(Ljava/util/regex/Matcher;ILjava/lang/CharSequence;)Z @ 26 c2
Event: 30.503 Thread 0x000001f78da53230 DEOPT PACKING pc=0x000001f73ebeb364 sp=0x0000000ee45fe200
Event: 30.503 Thread 0x000001f78da53230 DEOPT UNPACKING pc=0x000001f73e437da2 sp=0x0000000ee45fe198 mode 2
Event: 30.503 Thread 0x000001f78da53230 Uncommon trap: trap_request=0xffffffde fr.pc=0x000001f73ebeb364 relative=0x0000000000000304
Event: 30.503 Thread 0x000001f78da53230 Uncommon trap: reason=class_check action=maybe_recompile pc=0x000001f73ebeb364 method=java.util.regex.Pattern$BmpCharPropertyGreedy.match(Ljava/util/regex/Matcher;ILjava/lang/CharSequence;)Z @ 26 c2
Event: 30.503 Thread 0x000001f78da53230 DEOPT PACKING pc=0x000001f73ebeb364 sp=0x0000000ee45fdff0
Event: 30.503 Thread 0x000001f78da53230 DEOPT UNPACKING pc=0x000001f73e437da2 sp=0x0000000ee45fdfa8 mode 2
Event: 30.504 Thread 0x000001f78da53230 DEOPT PACKING pc=0x000001f73746f7db sp=0x0000000ee45fdfe0
Event: 30.504 Thread 0x000001f78da53230 DEOPT UNPACKING pc=0x000001f73e4388e2 sp=0x0000000ee45fd4a8 mode 0
Event: 35.861 Thread 0x000001f78da52510 Uncommon trap: trap_request=0xffffff45 fr.pc=0x000001f73ec07c90 relative=0x0000000000000070
Event: 35.861 Thread 0x000001f78da52510 Uncommon trap: reason=unstable_if action=reinterpret pc=0x000001f73ec07c90 method=java.lang.ref.ReferenceQueue.poll()Ljava/lang/ref/Reference; @ 4 c2
Event: 35.861 Thread 0x000001f78da52510 DEOPT PACKING pc=0x000001f73ec07c90 sp=0x0000000ee52fedf0
Event: 35.862 Thread 0x000001f78da52510 DEOPT UNPACKING pc=0x000001f73e437da2 sp=0x0000000ee52fed80 mode 2
Event: 301.244 Thread 0x000001f78da53f50 Uncommon trap: trap_request=0xffffff45 fr.pc=0x000001f73ec6f168 relative=0x0000000000000128
Event: 301.244 Thread 0x000001f78da53f50 Uncommon trap: reason=unstable_if action=reinterpret pc=0x000001f73ec6f168 method=java.lang.ThreadLocal.get(Ljava/lang/Thread;)Ljava/lang/Object; @ 7 c2
Event: 301.244 Thread 0x000001f78da53f50 DEOPT PACKING pc=0x000001f73ec6f168 sp=0x0000000ee54feca0
Event: 301.244 Thread 0x000001f78da53f50 DEOPT UNPACKING pc=0x000001f73e437da2 sp=0x0000000ee54febc8 mode 2

Classes loaded (20 events):
Event: 7.520 Loading class java/math/MathContext
Event: 7.521 Loading class java/math/MathContext done
Event: 7.521 Loading class java/math/BigDecimal$UnsafeHolder
Event: 7.521 Loading class java/math/BigDecimal$UnsafeHolder done
Event: 7.522 Loading class java/io/ObjectOutputStream$PutFieldImpl
Event: 7.523 Loading class java/io/ObjectOutputStream$PutField
Event: 7.523 Loading class java/io/ObjectOutputStream$PutField done
Event: 7.523 Loading class java/io/ObjectOutputStream$PutFieldImpl done
Event: 16.240 Loading class java/util/ArrayList$ListItr
Event: 16.240 Loading class java/util/ArrayList$ListItr done
Event: 32.250 Loading class jdk/internal/math/FDBigInteger
Event: 32.251 Loading class jdk/internal/math/FDBigInteger done
Event: 47.340 Loading class java/lang/foreign/MemorySegment
Event: 47.341 Loading class java/lang/foreign/MemorySegment done
Event: 1757.713 Loading class sun/security/ssl/Alert
Event: 1757.714 Loading class sun/security/ssl/Alert done
Event: 1757.714 Loading class sun/security/ssl/Alert$AlertConsumer
Event: 1757.714 Loading class sun/security/ssl/Alert$AlertConsumer done
Event: 1757.714 Loading class sun/security/ssl/Alert$Level
Event: 1757.714 Loading class sun/security/ssl/Alert$Level done

Classes unloaded (0 events):
No events

Classes redefined (0 events):
No events

Internal exceptions (20 events):
Event: 2.436 Thread 0x000001f78da53230 Exception <a 'java/lang/NoSuchMethodError'{0x000000008f48eeb8}: 'int java.lang.invoke.DirectMethodHandle$Holder.invokeStaticInit(java.lang.Object, java.lang.Object)'> (0x000000008f48eeb8) 
thrown [s\src\hotspot\share\interpreter\linkResolver.cpp, line 784]
Event: 2.955 Thread 0x000001f78da53230 Exception <a 'sun/nio/fs/WindowsException'{0x000000008f37c600}> (0x000000008f37c600) 
thrown [s\src\hotspot\share\prims\jni.cpp, line 535]
Event: 3.853 Thread 0x000001f78da53230 Exception <a 'java/lang/NoSuchMethodError'{0x000000008ed897c8}: 'void java.lang.invoke.DirectMethodHandle$Holder.invokeStatic(java.lang.Object, java.lang.Object, java.lang.Object)'> (0x000000008ed897c8) 
thrown [s\src\hotspot\share\interpreter\linkResolver.cpp, line 784]
Event: 4.085 Thread 0x000001f78da53230 Implicit null exception at 0x000001f73ebf106b to 0x000001f73ebf17ac
Event: 4.646 Thread 0x000001f78da53230 Exception <a 'java/lang/NoSuchMethodError'{0x000000008ebf8e10}: 'java.lang.Object java.lang.invoke.DirectMethodHandle$Holder.invokeStaticInit(java.lang.Object, java.lang.Object, java.lang.Object)'> (0x000000008ebf8e10) 
thrown [s\src\hotspot\share\interpreter\linkResolver.cpp, line 784]
Event: 4.653 Thread 0x000001f78da53230 Exception <a 'java/lang/NoSuchMethodError'{0x000000008ea60580}: 'java.lang.Object java.lang.invoke.DirectMethodHandle$Holder.newInvokeSpecial(java.lang.Object, java.lang.Object, int)'> (0x000000008ea60580) 
thrown [s\src\hotspot\share\interpreter\linkResolver.cpp, line 784]
Event: 4.961 Thread 0x000001f78da53230 Exception <a 'java/lang/NoSuchMethodError'{0x000000008e9c18f8}: 'java.lang.Object java.lang.invoke.DirectMethodHandle$Holder.invokeInterface(java.lang.Object, java.lang.Object, java.lang.Object)'> (0x000000008e9c18f8) 
thrown [s\src\hotspot\share\interpreter\linkResolver.cpp, line 784]
Event: 4.964 Thread 0x000001f78da53230 Exception <a 'java/lang/NoSuchMethodError'{0x000000008e9d7fe8}: 'void java.lang.invoke.DirectMethodHandle$Holder.invokeInterface(java.lang.Object, java.lang.Object, java.lang.Object, java.lang.Object)'> (0x000000008e9d7fe8) 
thrown [s\src\hotspot\share\interpreter\linkResolver.cpp, line 784]
Event: 4.964 Thread 0x000001f78da53230 Exception <a 'java/lang/NoSuchMethodError'{0x000000008e9dbc48}: 'void java.lang.invoke.DirectMethodHandle$Holder.invokeSpecial(java.lang.Object, java.lang.Object, java.lang.Object, java.lang.Object, java.lang.Object)'> (0x000000008e9dbc48) 
thrown [s\src\hotspot\share\interpreter\linkResolver.cpp, line 784]
Event: 5.259 Thread 0x000001f78da53230 Exception <a 'java/lang/NoSuchMethodError'{0x000000008e9f0b50}: 'int java.lang.invoke.DirectMethodHandle$Holder.invokeInterface(java.lang.Object, java.lang.Object)'> (0x000000008e9f0b50) 
thrown [s\src\hotspot\share\interpreter\linkResolver.cpp, line 784]
Event: 5.345 Thread 0x000001f78da53230 Exception <a 'java/lang/NoSuchMethodError'{0x000000008e478c68}: 'int java.lang.invoke.DirectMethodHandle$Holder.invokeInterface(java.lang.Object, java.lang.Object, int)'> (0x000000008e478c68) 
thrown [s\src\hotspot\share\interpreter\linkResolver.cpp, line 784]
Event: 5.347 Thread 0x000001f78da53230 Exception <a 'java/lang/NoSuchMethodError'{0x000000008e47cd18}: 'int java.lang.invoke.DirectMethodHandle$Holder.invokeSpecial(java.lang.Object, java.lang.Object, java.lang.Object, int)'> (0x000000008e47cd18) 
thrown [s\src\hotspot\share\interpreter\linkResolver.cpp, line 784]
Event: 5.349 Thread 0x000001f78da53230 Exception <a 'java/lang/NoSuchMethodError'{0x000000008e48efb8}: 'java.lang.Object java.lang.invoke.DirectMethodHandle$Holder.invokeStatic(java.lang.Object, java.lang.Object, java.lang.Object, java.lang.Object, int)'> (0x000000008e48efb8) 
thrown [s\src\hotspot\share\interpreter\linkResolver.cpp, line 784]
Event: 5.528 Thread 0x000001f78da53230 Exception <a 'java/lang/NoSuchMethodError'{0x000000008e4babf8}: 'void java.lang.invoke.DirectMethodHandle$Holder.invokeInterface(java.lang.Object, java.lang.Object, int)'> (0x000000008e4babf8) 
thrown [s\src\hotspot\share\interpreter\linkResolver.cpp, line 784]
Event: 5.899 Thread 0x000001f78da53230 Exception <a 'java/lang/NoSuchMethodError'{0x000000008ffdd060}: 'java.lang.Object java.lang.invoke.DirectMethodHandle$Holder.invokeInterface(java.lang.Object, java.lang.Object, int)'> (0x000000008ffdd060) 
thrown [s\src\hotspot\share\interpreter\linkResolver.cpp, line 784]
Event: 5.908 Thread 0x000001f78da53230 Exception <a 'java/lang/NoSuchMethodError'{0x000000008fe295f0}: static [Ljava/lang/Object;.<clinit>()V> (0x000000008fe295f0) 
thrown [s\src\hotspot\share\prims\jni.cpp, line 1139]
Event: 7.478 Thread 0x000001f78da53230 Exception <a 'java/lang/NoSuchMethodError'{0x000000008fcbc8d0}: 'int java.lang.invoke.DirectMethodHandle$Holder.invokeInterface(java.lang.Object, java.lang.Object, int, int)'> (0x000000008fcbc8d0) 
thrown [s\src\hotspot\share\interpreter\linkResolver.cpp, line 784]
Event: 7.479 Thread 0x000001f78da53230 Exception <a 'java/lang/NoSuchMethodError'{0x000000008fcc37c0}: 'int java.lang.invoke.DelegatingMethodHandle$Holder.reinvoke_L(java.lang.Object, java.lang.Object, int, int)'> (0x000000008fcc37c0) 
thrown [s\src\hotspot\share\interpreter\linkResolver.cpp, line 784]
Event: 7.487 Thread 0x000001f78da53230 Exception <a 'java/lang/NoSuchMethodError'{0x000000008fcda1c8}: static Lcom/intellij/database/remote/jdbc/RemoteResultSet$DataRetrievingOptions;.<clinit>()V> (0x000000008fcda1c8) 
thrown [s\src\hotspot\share\prims\jni.cpp, line 1139]
Event: 301.244 Thread 0x000001f78da53f50 Implicit null exception at 0x000001f73ec6f08b to 0x000001f73ec6f150

ZGC Phase Switch (0 events):
No events

VM Operations (20 events):
Event: 1496.173 Executing VM operation: Cleanup
Event: 1496.173 Executing VM operation: Cleanup done
Event: 1649.253 Executing VM operation: Cleanup
Event: 1649.253 Executing VM operation: Cleanup done
Event: 1758.306 Executing VM operation: Cleanup
Event: 1758.306 Executing VM operation: Cleanup done
Event: 2000.985 Executing VM operation: Cleanup
Event: 2000.985 Executing VM operation: Cleanup done
Event: 2010.030 Executing VM operation: Cleanup
Event: 2010.030 Executing VM operation: Cleanup done
Event: 2075.432 Executing VM operation: Cleanup
Event: 2075.432 Executing VM operation: Cleanup done
Event: 2129.730 Executing VM operation: Cleanup
Event: 2129.730 Executing VM operation: Cleanup done
Event: 2138.782 Executing VM operation: Cleanup
Event: 2138.782 Executing VM operation: Cleanup done
Event: 2165.984 Executing VM operation: Cleanup
Event: 2165.984 Executing VM operation: Cleanup done
Event: 3054.518 Executing VM operation: Cleanup
Event: 3054.518 Executing VM operation: Cleanup done

Memory protections (0 events):
No events

Nmethod flushes (0 events):
No events

Events (20 events):
Event: 86.336 Thread 0x000001f78da53230 Thread added: 0x000001f78da538c0
Event: 86.336 Thread 0x000001f78da53230 Thread added: 0x000001f78da52ba0
Event: 86.336 Thread 0x000001f78da53230 Thread added: 0x000001f78da54c70
Event: 86.336 Thread 0x000001f78da53230 Thread added: 0x000001f78da55990
Event: 86.336 Thread 0x000001f78da53230 Thread added: 0x000001f79235b4b0
Event: 86.337 Thread 0x000001f78da53230 Thread added: 0x000001f79235c1d0
Event: 86.337 Thread 0x000001f78da54c70 Thread exited: 0x000001f78da54c70
Event: 86.337 Thread 0x000001f78da545e0 Thread exited: 0x000001f78da545e0
Event: 86.337 Thread 0x000001f78da538c0 Thread exited: 0x000001f78da538c0
Event: 86.337 Thread 0x000001f78da52ba0 Thread exited: 0x000001f78da52ba0
Event: 86.337 Thread 0x000001f78da55990 Thread exited: 0x000001f78da55990
Event: 86.338 Thread 0x000001f79235b4b0 Thread exited: 0x000001f79235b4b0
Event: 86.338 Thread 0x000001f79235c1d0 Thread exited: 0x000001f79235c1d0
Event: 90.984 Thread 0x000001f78da95dc0 Thread exited: 0x000001f78da95dc0
Event: 136.022 Thread 0x000001f78da51e60 Thread exited: 0x000001f78da51e60
Event: 1759.215 Thread 0x000001f78da53230 Thread added: 0x000001f78da545e0
Event: 1759.215 Thread 0x000001f78da53230 Thread added: 0x000001f78da55990
Event: 1759.215 Thread 0x000001f78da545e0 Thread exited: 0x000001f78da545e0
Event: 1759.215 Thread 0x000001f78da55990 Thread exited: 0x000001f78da55990
Event: 1774.871 Thread 0x000001f78da55300 Thread exited: 0x000001f78da55300


Dynamic libraries:
0x00007ff6f3d50000 - 0x00007ff6f3d5a000 	C:\Users\PC\AppData\Local\Programs\PyCharm Professional 2024.3.3\jbr\bin\java.exe
0x00007ffca92e0000 - 0x00007ffca9546000 	C:\WINDOWS\SYSTEM32\ntdll.dll
0x00007ffca7fe0000 - 0x00007ffca80a9000 	C:\WINDOWS\System32\KERNEL32.DLL
0x00007ffca6730000 - 0x00007ffca6afc000 	C:\WINDOWS\System32\KERNELBASE.dll
0x00007ffca65e0000 - 0x00007ffca672b000 	C:\WINDOWS\System32\ucrtbase.dll
0x00007ffc82e60000 - 0x00007ffc82e78000 	C:\Users\PC\AppData\Local\Programs\PyCharm Professional 2024.3.3\jbr\bin\jli.dll
0x00007ffc03cc0000 - 0x00007ffc03cdb000 	C:\Users\PC\AppData\Local\Programs\PyCharm Professional 2024.3.3\jbr\bin\VCRUNTIME140.dll
0x00007ffca80b0000 - 0x00007ffca827a000 	C:\WINDOWS\System32\USER32.dll
0x00007ffca65b0000 - 0x00007ffca65d7000 	C:\WINDOWS\System32\win32u.dll
0x00007ffc857f0000 - 0x00007ffc85a8a000 	C:\WINDOWS\WinSxS\amd64_microsoft.windows.common-controls_6595b64144ccf1df_6.0.26100.3912_none_3e07963ce335137e\COMCTL32.dll
0x00007ffca7ef0000 - 0x00007ffca7f99000 	C:\WINDOWS\System32\msvcrt.dll
0x00007ffca7e80000 - 0x00007ffca7eab000 	C:\WINDOWS\System32\GDI32.dll
0x00007ffca6470000 - 0x00007ffca65a2000 	C:\WINDOWS\System32\gdi32full.dll
0x00007ffca6ff0000 - 0x00007ffca7093000 	C:\WINDOWS\System32\msvcp_win.dll
0x00007ffca7fa0000 - 0x00007ffca7fd0000 	C:\WINDOWS\System32\IMM32.DLL
0x00007ffc3dea0000 - 0x00007ffc3deac000 	C:\Users\PC\AppData\Local\Programs\PyCharm Professional 2024.3.3\jbr\bin\vcruntime140_1.dll
0x00007ffc82bc0000 - 0x00007ffc82c4d000 	C:\Users\PC\AppData\Local\Programs\PyCharm Professional 2024.3.3\jbr\bin\msvcp140.dll
0x00007ffc03ce0000 - 0x00007ffc04aa1000 	C:\Users\PC\AppData\Local\Programs\PyCharm Professional 2024.3.3\jbr\bin\server\jvm.dll
0x00007ffca8440000 - 0x00007ffca84f2000 	C:\WINDOWS\System32\ADVAPI32.dll
0x00007ffca8590000 - 0x00007ffca8636000 	C:\WINDOWS\System32\sechost.dll
0x00007ffca73a0000 - 0x00007ffca74b6000 	C:\WINDOWS\System32\RPCRT4.dll
0x00007ffca8500000 - 0x00007ffca8574000 	C:\WINDOWS\System32\WS2_32.dll
0x00007ffca5400000 - 0x00007ffca545e000 	C:\WINDOWS\SYSTEM32\POWRPROF.dll
0x00007ffc9eae0000 - 0x00007ffc9eaeb000 	C:\WINDOWS\SYSTEM32\VERSION.dll
0x00007ffc99b80000 - 0x00007ffc99bb6000 	C:\WINDOWS\SYSTEM32\WINMM.dll
0x00007ffca52c0000 - 0x00007ffca52d4000 	C:\WINDOWS\SYSTEM32\UMPDC.dll
0x00007ffca52e0000 - 0x00007ffca52fa000 	C:\WINDOWS\SYSTEM32\kernel.appcore.dll
0x00007ffc03b40000 - 0x00007ffc03b4a000 	C:\Users\PC\AppData\Local\Programs\PyCharm Professional 2024.3.3\jbr\bin\jimage.dll
0x00007ffca3da0000 - 0x00007ffca3fe1000 	C:\WINDOWS\SYSTEM32\DBGHELP.DLL
0x00007ffca8f10000 - 0x00007ffca9294000 	C:\WINDOWS\System32\combase.dll
0x00007ffca8dc0000 - 0x00007ffca8ea0000 	C:\WINDOWS\System32\OLEAUT32.dll
0x00007ffc82a40000 - 0x00007ffc82a79000 	C:\WINDOWS\SYSTEM32\dbgcore.DLL
0x00007ffca6d40000 - 0x00007ffca6dd9000 	C:\WINDOWS\System32\bcryptPrimitives.dll
0x00007ffc03b20000 - 0x00007ffc03b40000 	C:\Users\PC\AppData\Local\Programs\PyCharm Professional 2024.3.3\jbr\bin\java.dll
0x00007ffca7750000 - 0x00007ffca7e7d000 	C:\WINDOWS\System32\SHELL32.dll
0x00007ffca6de0000 - 0x00007ffca6f54000 	C:\WINDOWS\System32\wintypes.dll
0x00007ffca40d0000 - 0x00007ffca4926000 	C:\WINDOWS\SYSTEM32\windows.storage.dll
0x00007ffca70a0000 - 0x00007ffca718f000 	C:\WINDOWS\System32\SHCORE.dll
0x00007ffca7230000 - 0x00007ffca7299000 	C:\WINDOWS\System32\shlwapi.dll
0x00007ffca6380000 - 0x00007ffca63af000 	C:\WINDOWS\SYSTEM32\profapi.dll
0x00007ffc03b00000 - 0x00007ffc03b18000 	C:\Users\PC\AppData\Local\Programs\PyCharm Professional 2024.3.3\jbr\bin\zip.dll
0x00007ffc03af0000 - 0x00007ffc03b00000 	C:\Users\PC\AppData\Local\Programs\PyCharm Professional 2024.3.3\jbr\bin\net.dll
0x00007ffc9f360000 - 0x00007ffc9f47e000 	C:\WINDOWS\SYSTEM32\WINHTTP.dll
0x00007ffca58c0000 - 0x00007ffca592a000 	C:\WINDOWS\system32\mswsock.dll
0x00007ffc03ad0000 - 0x00007ffc03ae6000 	C:\Users\PC\AppData\Local\Programs\PyCharm Professional 2024.3.3\jbr\bin\nio.dll
0x00007ffca4c20000 - 0x00007ffca4c53000 	C:\WINDOWS\SYSTEM32\IPHLPAPI.DLL
0x00007ffca8580000 - 0x00007ffca858a000 	C:\WINDOWS\System32\NSI.dll
0x00007ffc13a40000 - 0x00007ffc13a4e000 	C:\Users\PC\AppData\Local\Programs\PyCharm Professional 2024.3.3\jbr\bin\sunmscapi.dll
0x00007ffca6bc0000 - 0x00007ffca6d37000 	C:\WINDOWS\System32\CRYPT32.dll
0x00007ffca5d70000 - 0x00007ffca5da0000 	C:\WINDOWS\SYSTEM32\ncrypt.dll
0x00007ffca5d20000 - 0x00007ffca5d5f000 	C:\WINDOWS\SYSTEM32\NTASN1.dll
0x00007ffca5b70000 - 0x00007ffca5b8c000 	C:\WINDOWS\SYSTEM32\CRYPTSP.dll
0x00007ffca5200000 - 0x00007ffca523a000 	C:\WINDOWS\system32\rsaenh.dll
0x00007ffca5960000 - 0x00007ffca598b000 	C:\WINDOWS\SYSTEM32\USERENV.dll
0x00007ffca6350000 - 0x00007ffca6376000 	C:\WINDOWS\SYSTEM32\bcrypt.dll
0x00007ffca5b60000 - 0x00007ffca5b6c000 	C:\WINDOWS\SYSTEM32\CRYPTBASE.dll
0x00007ffc03800000 - 0x00007ffc03809000 	C:\Users\PC\AppData\Local\Programs\PyCharm Professional 2024.3.3\jbr\bin\extnet.dll
0x00007ffc82e50000 - 0x00007ffc82e57000 	C:\Users\PC\AppData\Local\Programs\PyCharm Professional 2024.3.3\jbr\bin\rmi.dll
0x00007ffc00fb0000 - 0x00007ffc00ff5000 	C:\Users\PC\AppData\Local\Programs\PyCharm Professional 2024.3.3\lib\jna\amd64\jnidispatch.dll
0x00007ffca8430000 - 0x00007ffca8438000 	C:\WINDOWS\System32\PSAPI.DLL
0x00007ffca5c80000 - 0x00007ffca5c93000 	C:\WINDOWS\SYSTEM32\MSASN1.dll
0x00007ffca4cb0000 - 0x00007ffca4dd7000 	C:\WINDOWS\SYSTEM32\DNSAPI.dll
0x00007ffc896b0000 - 0x00007ffc896bb000 	C:\Windows\System32\rasadhlp.dll
0x00007ffc9be10000 - 0x00007ffc9be96000 	C:\WINDOWS\System32\fwpuclnt.dll
0x00007ffc00fa0000 - 0x00007ffc00fa9000 	C:\Users\PC\AppData\Local\Programs\PyCharm Professional 2024.3.3\jbr\bin\management.dll
0x00007ffc00f90000 - 0x00007ffc00f9b000 	C:\Users\PC\AppData\Local\Programs\PyCharm Professional 2024.3.3\jbr\bin\management_ext.dll

dbghelp: loaded successfully - version: 4.0.5 - missing functions: none
symbol engine: initialized successfully - sym options: 0x614 - pdb path: .;C:\Users\PC\AppData\Local\Programs\PyCharm Professional 2024.3.3\jbr\bin;C:\WINDOWS\SYSTEM32;C:\WINDOWS\WinSxS\amd64_microsoft.windows.common-controls_6595b64144ccf1df_6.0.26100.3912_none_3e07963ce335137e;C:\Users\PC\AppData\Local\Programs\PyCharm Professional 2024.3.3\jbr\bin\server;C:\Users\PC\AppData\Local\Programs\PyCharm Professional 2024.3.3\lib\jna\amd64

VM Arguments:
jvm_args: -DsslDeferredCaLoading=true -Djna.boot.library.path=C:\Users\PC\AppData\Local\Programs\PyCharm Professional 2024.3.3/lib/jna/amd64 -Djna.nosys=true -Djna.noclasspath=true -Djava.rmi.server.hostname=127.0.0.1 -Duser.timezone=UTC -Xmx2048m -Xms256m -Djdbc.classpath=C:\Users\PC\AppData\Local\Temp\RemoteDriver1.classpath.txt --add-exports=java.desktop/sun.awt=ALL-UNNAMED --add-exports=java.desktop/java.awt.peer=ALL-UNNAMED --add-opens=java.desktop/java.awt=ALL-UNNAMED --add-opens=jdk.unsupported/sun.misc=ALL-UNNAMED --add-opens=java.base/java.nio=ALL-UNNAMED --add-opens=java.base/java.util=ALL-UNNAMED -Dfile.encoding=UTF-8 -Dsun.stdout.encoding=UTF-8 -Dsun.stderr.encoding=UTF-8 
java_command: com.intellij.database.remote.RemoteJdbcServer org.postgresql.Driver
java_class_path (initial): C:\Users\PC\AppData\Local\Programs\PyCharm Professional 2024.3.3\lib\util_rt.jar;C:\Users\PC\AppData\Local\Programs\PyCharm Professional 2024.3.3\lib\util-8.jar;C:\Users\PC\AppData\Local\Programs\PyCharm Professional 2024.3.3\lib\groovy.jar;C:\Users\PC\AppData\Local\Programs\PyCharm Professional 2024.3.3\plugins\DatabaseTools\lib\jdbc-console.jar;C:\Users\PC\AppData\Local\Programs\PyCharm Professional 2024.3.3\lib\modules\intellij.grid.types.jar;C:\Users\PC\AppData\Local\Programs\PyCharm Professional 2024.3.3\lib\util.jar;C:\Users\PC\AppData\Local\Programs\PyCharm Professional 2024.3.3\lib\bouncy-castle.jar
Launcher Type: SUN_STANDARD

[Global flags]
     intx CICompilerCount                          = 12                                        {product} {ergonomic}
     uint ConcGCThreads                            = 3                                         {product} {ergonomic}
     uint G1ConcRefinementThreads                  = 13                                        {product} {ergonomic}
   size_t G1HeapRegionSize                         = 1048576                                   {product} {ergonomic}
    uintx GCDrainStackTargetSize                   = 64                                        {product} {ergonomic}
   size_t InitialHeapSize                          = 268435456                                 {product} {command line}
   size_t MarkStackSize                            = 4194304                                   {product} {ergonomic}
   size_t MaxHeapSize                              = 2147483648                                {product} {command line}
   size_t MaxNewSize                               = 1287651328                                {product} {ergonomic}
   size_t MinHeapDeltaBytes                        = 1048576                                   {product} {ergonomic}
   size_t MinHeapSize                              = 268435456                                 {product} {command line}
    uintx NonNMethodCodeHeapSize                   = 7602480                                {pd product} {ergonomic}
    uintx NonProfiledCodeHeapSize                  = 122027880                              {pd product} {ergonomic}
    uintx ProfiledCodeHeapSize                     = 122027880                              {pd product} {ergonomic}
    uintx ReservedCodeCacheSize                    = 251658240                              {pd product} {ergonomic}
     bool SegmentedCodeCache                       = true                                      {product} {ergonomic}
   size_t SoftMaxHeapSize                          = 2147483648                             {manageable} {ergonomic}
     bool UseCompressedOops                        = true                           {product lp64_product} {ergonomic}
     bool UseG1GC                                  = true                                      {product} {ergonomic}
     bool UseLargePagesIndividualAllocation        = false                                  {pd product} {ergonomic}

Logging:
Log output configuration:
 #0: stdout all=warning uptime,level,tags foldmultilines=false
 #1: stderr all=off uptime,level,tags foldmultilines=false

Environment Variables:
JAVA_HOME=C:\Program Files\Eclipse Adoptium\jdk-17.0.12.7-hotspot\
PATH=c:\Users\PC\AppData\Local\Programs\cursor\resources\app\bin;C:\Program Files\Eclipse Adoptium\jdk-17.0.12.7-hotspot\bin;C:\WINDOWS\system32;C:\WINDOWS;C:\WINDOWS\System32\Wbem;C:\WINDOWS\System32\WindowsPowerShell\v1.0\;C:\WINDOWS\System32\OpenSSH\;C:\Program Files (x86)\Microsoft SQL Server\160\Tools\Binn\;C:\Program Files\Microsoft SQL Server\160\Tools\Binn\;C:\Program Files\Microsoft SQL Server\Client SDK\ODBC\170\Tools\Binn\;C:\Program Files\Microsoft SQL Server\160\DTS\Binn\;C:\Program Files\Microsoft SQL Server\150\Tools\Binn\;C:\Program Files\dotnet\;E:\Python\Scripts;C:\Program Files\Git\cmd;C:\Program Files\nodejs\;C:\Program Files\nodejs\;C:\Users\PC\.cargo\bin;D:\APP SETUP\python38\Scripts\;D:\APP SETUP\python38\;E:\Python\Python311\Scripts\;E:\Python\Python311\;C:\Users\PC\AppData\Local\Programs\Python\Launcher\;C:\Program Files\Azure Data Studio\bin;C:\Users\PC\.dotnet\tools;C:\Users\PC\AppData\Roaming\Programs\Zero Install;C:\Users\PC\AppData\Local\GitHubDesktop\bin;C:\Users\PC\AppData\Local\Mic;C:\Users\PC\.cargo\bin;D:\APP SETUP\python38\Scripts\;D:\APP SETUP\python38\;E:\Python\Python311\Scripts\;E:\Python\Python311\;C:\Users\PC\AppData\Local\Programs\Python\Launcher\;C:\Users\PC\AppData\Local\Programs\Microsoft VS Code\bin;C:\Program Files\Azure Data Studio\bin;C:\Users\PC\.dotnet\tools;C:\Users\PC\AppData\Roaming\Programs\Zero Install;C:\Users\PC\AppData\Local\GitHubDesktop\bin;C:\Users\PC\AppData\Local\Microsoft\WindowsApps;E:\Apps\PostgreSQL\bin;C:\Program Files\JetBrains\PyCharm Community Edition 2024.3.5\bin;;D:\APP SETUP\CLion\CLion 2022.3.3\bin;;E:\postgresql-17.4-1-windows-x64-binaries\pgsql\bin;C:\Users\PC\AppData\Roaming\npm;E:\Apps\mingw64\bin;C:\Users\PC\AppData\Local\Programs\cursor\resources\app\bin
USERNAME=PC
OS=Windows_NT
PROCESSOR_IDENTIFIER=Intel64 Family 6 Model 141 Stepping 1, GenuineIntel
TMP=C:\Users\PC\AppData\Local\Temp
TEMP=C:\Users\PC\AppData\Local\Temp




Periodic native trim disabled

JNI global refs:
JNI global refs: 26, weak refs: 45

JNI global refs memory usage: 835, weak refs: 833

Process memory usage:
Resident Set Size: 24612K (0% of 16406340K total physical memory with 2341128K free physical memory)

OOME stack traces (most recent first):
Classloader memory used:
Loader bootstrap                                                                       : 12259K
Loader jdk.internal.loader.ClassLoaders$AppClassLoader                                 : 3796K
Loader com.intellij.database.remote.jdbc.impl.JdbcClassLoader$JdbcClassLoaderImpl      : 1835K
Loader jdk.internal.loader.ClassLoaders$PlatformClassLoader                            : 703K
Loader jdk.internal.reflect.DelegatingClassLoader                                      : 114K
Loader com.intellij.database.remote.jdbc.impl.JdbcClassLoader$1                        : 7728B

---------------  S Y S T E M  ---------------

OS:
 Windows 11 , 64 bit Build 26100 (10.0.26100.3912)
OS uptime: 0 days 2:59 hours
Hyper-V role detected

CPU: total 16 (initial active 16) (8 cores per cpu, 2 threads per core) family 6 model 141 stepping 1 microcode 0x4e, cx8, cmov, fxsr, ht, mmx, 3dnowpref, sse, sse2, sse3, ssse3, sse4.1, sse4.2, popcnt, lzcnt, tsc, tscinvbit, avx, avx2, aes, erms, clmul, bmi1, bmi2, adx, avx512f, avx512dq, avx512cd, avx512bw, avx512vl, sha, fma, vzeroupper, avx512_vpopcntdq, avx512_vpclmulqdq, avx512_vaes, avx512_vnni, clflush, clflushopt, clwb, avx512_vbmi2, avx512_vbmi, hv, rdtscp, rdpid, fsrm, gfni, avx512_bitalg, f16c, cet_ibt, cet_ss, avx512_ifma
Processor Information for the first 16 processors :
  Max Mhz: 2304, Current Mhz: 2304, Mhz Limit: 2304

Memory: 4k page, system-wide physical 16021M (2278M free)
TotalPageFile size 36762M (AvailPageFile size 0M)
current process WorkingSet (physical memory assigned to process): 31M, peak: 156M
current process commit charge ("private bytes"): 386M, peak: 416M

vm_info: OpenJDK 64-Bit Server VM (21.0.6+9-b895.109) for windows-amd64 JRE (21.0.6+9-b895.109), built on 2025-03-26 by "builduser" with MS VC++ 16.10 / 16.11 (VS2019)

END.
